[I 2023-12-26 14:01:21,827] Using an existing study with name 'TransformerConv' instead of creating a new one.
/home/kuangr/inoue019/.conda/envs/py39/lib/python3.9/site-packages/torch_geometric/deprecation.py:22: UserWarning: 'data.DataLoader' is deprecated, use 'loader.DataLoader' instead
  warnings.warn(out)
[I 2023-12-26 14:19:50,237] Trial 3 finished with values: [36234.35628125, 39217.009765625] and parameters: {'batch_size': 100, 'drug_hidden': 16, 'protein_hidden': 32, 'dropout': 0.3, 'is_attention': False, 'lr': 0.01, 'epochs': 50}. 
[I 2023-12-26 14:44:47,933] Trial 4 finished with values: [36746.66591036677, 40200.413818359375] and parameters: {'batch_size': 150, 'drug_hidden': 16, 'protein_hidden': 64, 'dropout': 0.3, 'is_attention': True, 'lr': 0.0001, 'epochs': 100}. 
[I 2023-12-26 15:08:08,990] Trial 5 finished with values: [35507.73903515625, 38617.03078235035] and parameters: {'batch_size': 50, 'drug_hidden': 64, 'protein_hidden': 32, 'dropout': 0.3, 'is_attention': True, 'lr': 0.0001, 'epochs': 100}. 
[I 2023-12-26 15:10:33,164] Trial 6 finished with values: [39609.293345703125, 42928.575951804574] and parameters: {'batch_size': 50, 'drug_hidden': 16, 'protein_hidden': 16, 'dropout': 0.2, 'is_attention': True, 'lr': 0.0001, 'epochs': 10}. 
[I 2023-12-26 15:32:01,211] Trial 7 finished with values: [37556.3456875, 41474.696302816905] and parameters: {'batch_size': 50, 'drug_hidden': 32, 'protein_hidden': 16, 'dropout': 0.2, 'is_attention': True, 'lr': 0.0001, 'epochs': 100}. 
[I 2023-12-26 15:42:51,982] Trial 8 finished with values: [36706.730232421876, 40189.443689480635] and parameters: {'batch_size': 50, 'drug_hidden': 64, 'protein_hidden': 16, 'dropout': 0.3, 'is_attention': False, 'lr': 0.001, 'epochs': 50}. 
[I 2023-12-26 15:54:44,891] Trial 9 finished with values: [37736.7237578125, 41087.00722106074] and parameters: {'batch_size': 50, 'drug_hidden': 16, 'protein_hidden': 32, 'dropout': 0.1, 'is_attention': True, 'lr': 0.0001, 'epochs': 50}. 
[I 2023-12-26 15:57:01,911] Trial 10 finished with values: [39066.7248359375, 42081.528428819445] and parameters: {'batch_size': 100, 'drug_hidden': 16, 'protein_hidden': 16, 'dropout': 0.1, 'is_attention': False, 'lr': 0.001, 'epochs': 10}. 
[I 2023-12-26 16:22:31,342] Trial 11 finished with values: [35880.5180234375, 39364.81081814236] and parameters: {'batch_size': 100, 'drug_hidden': 64, 'protein_hidden': 64, 'dropout': 0.2, 'is_attention': False, 'lr': 0.01, 'epochs': 100}. 
[I 2023-12-26 16:25:20,208] Trial 12 finished with values: [38533.9014921875, 43121.19411892361] and parameters: {'batch_size': 100, 'drug_hidden': 32, 'protein_hidden': 64, 'dropout': 0.3, 'is_attention': False, 'lr': 0.01, 'epochs': 10}. 
[I 2023-12-26 16:48:44,869] Trial 13 finished with values: [37013.353490234374, 40562.57038127201] and parameters: {'batch_size': 50, 'drug_hidden': 32, 'protein_hidden': 32, 'dropout': 0.1, 'is_attention': True, 'lr': 0.01, 'epochs': 100}. 
[I 2023-12-26 17:12:19,831] Trial 14 finished with values: [36400.51787890625, 39977.33775308099] and parameters: {'batch_size': 50, 'drug_hidden': 16, 'protein_hidden': 16, 'dropout': 0.3, 'is_attention': True, 'lr': 0.001, 'epochs': 100}. 
[I 2023-12-26 17:14:44,988] Trial 15 finished with values: [40806.29288867187, 44373.97524207747] and parameters: {'batch_size': 50, 'drug_hidden': 64, 'protein_hidden': 16, 'dropout': 0.2, 'is_attention': False, 'lr': 0.001, 'epochs': 10}. 
[I 2023-12-26 17:36:30,855] Trial 16 finished with values: [36996.9821328125, 40595.2724609375] and parameters: {'batch_size': 50, 'drug_hidden': 16, 'protein_hidden': 16, 'dropout': 0.3, 'is_attention': True, 'lr': 0.001, 'epochs': 100}. 
[I 2023-12-26 18:00:06,450] Trial 17 finished with values: [37672.65915234375, 40992.12373459507] and parameters: {'batch_size': 50, 'drug_hidden': 16, 'protein_hidden': 32, 'dropout': 0.1, 'is_attention': True, 'lr': 0.001, 'epochs': 100}. 
[I 2023-12-26 18:02:23,662] Trial 18 finished with values: [39237.07140625, 42785.222059461805] and parameters: {'batch_size': 100, 'drug_hidden': 32, 'protein_hidden': 16, 'dropout': 0.1, 'is_attention': False, 'lr': 0.001, 'epochs': 10}. 
[I 2023-12-26 18:24:09,282] Trial 19 finished with values: [38098.6113984375, 41746.07115151849] and parameters: {'batch_size': 50, 'drug_hidden': 64, 'protein_hidden': 16, 'dropout': 0.2, 'is_attention': True, 'lr': 0.001, 'epochs': 100}. 
[I 2023-12-26 18:26:44,979] Trial 20 finished with values: [38776.17767578125, 42242.885797205105] and parameters: {'batch_size': 50, 'drug_hidden': 32, 'protein_hidden': 32, 'dropout': 0.3, 'is_attention': False, 'lr': 0.001, 'epochs': 10}. 
[I 2023-12-26 18:51:51,666] Trial 21 finished with values: [35318.25864287051, 38944.08829752604] and parameters: {'batch_size': 150, 'drug_hidden': 32, 'protein_hidden': 64, 'dropout': 0.1, 'is_attention': True, 'lr': 0.01, 'epochs': 100}. 
[I 2023-12-26 19:17:29,384] Trial 22 finished with values: [37448.4192109375, 40917.16384548611] and parameters: {'batch_size': 100, 'drug_hidden': 16, 'protein_hidden': 64, 'dropout': 0.1, 'is_attention': False, 'lr': 0.001, 'epochs': 100}. 
[I 2023-12-26 19:44:44,845] Trial 23 finished with values: [37240.150009765624, 40768.44985145247] and parameters: {'batch_size': 50, 'drug_hidden': 32, 'protein_hidden': 64, 'dropout': 0.3, 'is_attention': True, 'lr': 0.01, 'epochs': 100}. 
[I 2023-12-26 20:00:13,759] Trial 24 finished with values: [36736.49990643712, 40602.3466796875] and parameters: {'batch_size': 150, 'drug_hidden': 32, 'protein_hidden': 16, 'dropout': 0.1, 'is_attention': True, 'lr': 0.0001, 'epochs': 50}. 
[I 2023-12-26 20:13:52,162] Trial 25 finished with values: [35887.48593164062, 39011.32651573503] and parameters: {'batch_size': 50, 'drug_hidden': 64, 'protein_hidden': 64, 'dropout': 0.2, 'is_attention': False, 'lr': 0.0001, 'epochs': 50}. 
[I 2023-12-26 20:27:35,539] Trial 26 finished with values: [38894.86124609375, 42562.83570367518] and parameters: {'batch_size': 50, 'drug_hidden': 32, 'protein_hidden': 64, 'dropout': 0.1, 'is_attention': True, 'lr': 0.0001, 'epochs': 50}. 
[I 2023-12-26 20:40:19,848] Trial 27 finished with values: [36348.95875046781, 39826.75008138021] and parameters: {'batch_size': 150, 'drug_hidden': 64, 'protein_hidden': 64, 'dropout': 0.2, 'is_attention': True, 'lr': 0.01, 'epochs': 50}. 
[I 2023-12-26 20:43:07,930] Trial 28 finished with values: [38629.22053938997, 41926.49666341146] and parameters: {'batch_size': 150, 'drug_hidden': 16, 'protein_hidden': 64, 'dropout': 0.2, 'is_attention': True, 'lr': 0.001, 'epochs': 10}. 
[I 2023-12-26 21:06:25,397] Trial 29 finished with values: [35881.96092382813, 39925.36728378081] and parameters: {'batch_size': 50, 'drug_hidden': 32, 'protein_hidden': 32, 'dropout': 0.1, 'is_attention': False, 'lr': 0.001, 'epochs': 100}. 
[I 2023-12-26 21:28:08,461] Trial 30 finished with values: [37003.21857226563, 40692.06470070423] and parameters: {'batch_size': 50, 'drug_hidden': 32, 'protein_hidden': 16, 'dropout': 0.3, 'is_attention': True, 'lr': 0.0001, 'epochs': 100}. 
[I 2023-12-26 21:51:26,180] Trial 31 finished with values: [36205.594640625, 39828.228914502644] and parameters: {'batch_size': 50, 'drug_hidden': 16, 'protein_hidden': 32, 'dropout': 0.1, 'is_attention': False, 'lr': 0.001, 'epochs': 100}. 
[I 2023-12-26 22:14:56,439] Trial 32 finished with values: [40012.4435546875, 43291.247854313384] and parameters: {'batch_size': 50, 'drug_hidden': 16, 'protein_hidden': 32, 'dropout': 0.2, 'is_attention': True, 'lr': 0.0001, 'epochs': 100}. 
[I 2023-12-26 22:24:54,267] Trial 33 finished with values: [36512.85348053892, 40338.41943359375] and parameters: {'batch_size': 150, 'drug_hidden': 64, 'protein_hidden': 16, 'dropout': 0.1, 'is_attention': False, 'lr': 0.001, 'epochs': 50}. 
[I 2023-12-26 22:27:20,764] Trial 34 finished with values: [38515.20088671875, 41504.00767495599] and parameters: {'batch_size': 50, 'drug_hidden': 32, 'protein_hidden': 16, 'dropout': 0.1, 'is_attention': True, 'lr': 0.001, 'epochs': 10}. 
[I 2023-12-26 22:30:16,397] Trial 35 finished with values: [39363.5425, 42382.42164117518] and parameters: {'batch_size': 50, 'drug_hidden': 16, 'protein_hidden': 32, 'dropout': 0.3, 'is_attention': True, 'lr': 0.01, 'epochs': 10}. 
[I 2023-12-26 22:44:44,638] Trial 36 finished with values: [37255.85675, 40905.5244140625] and parameters: {'batch_size': 50, 'drug_hidden': 64, 'protein_hidden': 32, 'dropout': 0.1, 'is_attention': True, 'lr': 0.001, 'epochs': 50}. 
[I 2023-12-26 22:47:09,458] Trial 37 finished with values: [37925.26104041916, 40990.304361979164] and parameters: {'batch_size': 150, 'drug_hidden': 64, 'protein_hidden': 32, 'dropout': 0.3, 'is_attention': True, 'lr': 0.0001, 'epochs': 10}. 
[I 2023-12-26 23:12:13,242] Trial 38 finished with values: [35243.69425991766, 38674.817057291664] and parameters: {'batch_size': 150, 'drug_hidden': 64, 'protein_hidden': 64, 'dropout': 0.1, 'is_attention': True, 'lr': 0.001, 'epochs': 100}. 
[I 2023-12-26 23:15:00,098] Trial 39 finished with values: [38609.33384403069, 41834.554443359375] and parameters: {'batch_size': 150, 'drug_hidden': 32, 'protein_hidden': 64, 'dropout': 0.1, 'is_attention': True, 'lr': 0.01, 'epochs': 10}. 
[I 2023-12-26 23:41:58,387] Trial 40 finished with values: [36201.18191015625, 40038.637887874116] and parameters: {'batch_size': 50, 'drug_hidden': 16, 'protein_hidden': 64, 'dropout': 0.1, 'is_attention': False, 'lr': 0.01, 'epochs': 100}. 
[I 2023-12-27 00:05:24,509] Trial 41 finished with values: [36382.46641796875, 39360.19796709947] and parameters: {'batch_size': 50, 'drug_hidden': 16, 'protein_hidden': 32, 'dropout': 0.2, 'is_attention': False, 'lr': 0.0001, 'epochs': 100}. 
[I 2023-12-27 00:15:42,377] Trial 42 finished with values: [36944.806078125, 40691.399576822914] and parameters: {'batch_size': 100, 'drug_hidden': 32, 'protein_hidden': 16, 'dropout': 0.2, 'is_attention': False, 'lr': 0.001, 'epochs': 50}. 
[I 2023-12-27 00:26:47,576] Trial 43 finished with values: [37198.13521875, 40737.73904079861] and parameters: {'batch_size': 100, 'drug_hidden': 64, 'protein_hidden': 32, 'dropout': 0.2, 'is_attention': True, 'lr': 0.0001, 'epochs': 50}. 
[I 2023-12-27 00:50:08,426] Trial 44 finished with values: [37099.70946289063, 41105.48115647007] and parameters: {'batch_size': 50, 'drug_hidden': 16, 'protein_hidden': 32, 'dropout': 0.2, 'is_attention': False, 'lr': 0.01, 'epochs': 100}. 
[I 2023-12-27 00:52:45,923] Trial 45 finished with values: [38647.26519140625, 42426.549969740314] and parameters: {'batch_size': 50, 'drug_hidden': 32, 'protein_hidden': 32, 'dropout': 0.3, 'is_attention': True, 'lr': 0.01, 'epochs': 10}. 
[I 2023-12-27 01:03:44,399] Trial 46 finished with values: [37419.19363867187, 41067.71023602553] and parameters: {'batch_size': 50, 'drug_hidden': 32, 'protein_hidden': 16, 'dropout': 0.1, 'is_attention': True, 'lr': 0.0001, 'epochs': 50}. 
[I 2023-12-27 01:23:38,669] Trial 47 finished with values: [37827.94010806512, 40913.842122395836] and parameters: {'batch_size': 150, 'drug_hidden': 64, 'protein_hidden': 16, 'dropout': 0.3, 'is_attention': True, 'lr': 0.01, 'epochs': 100}. 
[I 2023-12-27 01:42:20,030] Trial 48 finished with values: [37068.5991328125, 41119.435601892605] and parameters: {'batch_size': 50, 'drug_hidden': 32, 'protein_hidden': 16, 'dropout': 0.2, 'is_attention': False, 'lr': 0.001, 'epochs': 50}. 
[I 2023-12-27 01:44:51,658] Trial 49 finished with values: [39719.5424453125, 43544.196451822914] and parameters: {'batch_size': 100, 'drug_hidden': 16, 'protein_hidden': 32, 'dropout': 0.3, 'is_attention': False, 'lr': 0.0001, 'epochs': 10}. 
[I 2023-12-27 02:04:52,760] Trial 50 finished with values: [36367.634274419914, 39972.33943684896] and parameters: {'batch_size': 150, 'drug_hidden': 64, 'protein_hidden': 16, 'dropout': 0.3, 'is_attention': False, 'lr': 0.01, 'epochs': 100}. 
[I 2023-12-27 02:07:11,405] Trial 51 finished with values: [38521.07896706587, 42249.44099934896] and parameters: {'batch_size': 150, 'drug_hidden': 64, 'protein_hidden': 16, 'dropout': 0.2, 'is_attention': False, 'lr': 0.0001, 'epochs': 10}. 
[I 2023-12-27 02:18:22,184] Trial 52 finished with values: [38159.66187695313, 41222.136498679574] and parameters: {'batch_size': 50, 'drug_hidden': 32, 'protein_hidden': 16, 'dropout': 0.3, 'is_attention': False, 'lr': 0.0001, 'epochs': 50}. 
[I 2023-12-27 02:44:23,086] Trial 53 finished with values: [35978.6977578125, 39046.40185546875] and parameters: {'batch_size': 100, 'drug_hidden': 32, 'protein_hidden': 64, 'dropout': 0.1, 'is_attention': True, 'lr': 0.01, 'epochs': 100}. 
[I 2023-12-27 02:58:18,666] Trial 54 finished with values: [36494.93149609375, 40585.13272997359] and parameters: {'batch_size': 50, 'drug_hidden': 64, 'protein_hidden': 64, 'dropout': 0.2, 'is_attention': False, 'lr': 0.001, 'epochs': 50}. 
[I 2023-12-27 03:11:26,076] Trial 55 finished with values: [37025.747015625, 39887.28363715278] and parameters: {'batch_size': 100, 'drug_hidden': 16, 'protein_hidden': 64, 'dropout': 0.2, 'is_attention': False, 'lr': 0.0001, 'epochs': 50}. 
[I 2023-12-27 03:33:28,640] Trial 56 finished with values: [39616.63190234375, 43655.215669014084] and parameters: {'batch_size': 50, 'drug_hidden': 64, 'protein_hidden': 16, 'dropout': 0.3, 'is_attention': False, 'lr': 0.01, 'epochs': 100}. 
[I 2023-12-27 03:43:39,925] Trial 57 finished with values: [37061.58525916916, 41331.01407877604] and parameters: {'batch_size': 150, 'drug_hidden': 64, 'protein_hidden': 16, 'dropout': 0.3, 'is_attention': False, 'lr': 0.001, 'epochs': 50}. 
[I 2023-12-27 03:46:01,034] Trial 58 finished with values: [38047.278796875, 42208.530381944445] and parameters: {'batch_size': 100, 'drug_hidden': 32, 'protein_hidden': 16, 'dropout': 0.1, 'is_attention': False, 'lr': 0.001, 'epochs': 10}. 
[I 2023-12-27 03:48:54,071] Trial 59 finished with values: [38825.30846875, 42457.53982204861] and parameters: {'batch_size': 100, 'drug_hidden': 32, 'protein_hidden': 64, 'dropout': 0.3, 'is_attention': False, 'lr': 0.01, 'epochs': 10}. 
[I 2023-12-27 03:59:20,307] Trial 60 finished with values: [38806.235875, 41940.694661458336] and parameters: {'batch_size': 100, 'drug_hidden': 32, 'protein_hidden': 16, 'dropout': 0.2, 'is_attention': False, 'lr': 0.01, 'epochs': 50}. 
[I 2023-12-27 04:12:11,874] Trial 61 finished with values: [36040.785436938626, 39024.81648763021] and parameters: {'batch_size': 150, 'drug_hidden': 32, 'protein_hidden': 64, 'dropout': 0.1, 'is_attention': False, 'lr': 0.001, 'epochs': 50}. 
[I 2023-12-27 04:44:23,791] Trial 62 finished with values: [35926.90755988024, 39426.441080729164] and parameters: {'batch_size': 150, 'drug_hidden': 64, 'protein_hidden': 64, 'dropout': 0.2, 'is_attention': True, 'lr': 0.001, 'epochs': 100}. 
[I 2023-12-27 04:58:21,073] Trial 63 finished with values: [37349.47075390625, 39996.12469740317] and parameters: {'batch_size': 50, 'drug_hidden': 32, 'protein_hidden': 64, 'dropout': 0.2, 'is_attention': False, 'lr': 0.001, 'epochs': 50}. 
[I 2023-12-27 05:09:27,017] Trial 64 finished with values: [36610.84102498129, 39855.375732421875] and parameters: {'batch_size': 150, 'drug_hidden': 64, 'protein_hidden': 32, 'dropout': 0.3, 'is_attention': True, 'lr': 0.001, 'epochs': 50}. 
[I 2023-12-27 05:37:04,337] Trial 65 finished with values: [39284.61797265625, 43069.968942561616] and parameters: {'batch_size': 50, 'drug_hidden': 16, 'protein_hidden': 64, 'dropout': 0.3, 'is_attention': False, 'lr': 0.01, 'epochs': 100}. 
[I 2023-12-27 05:47:19,713] Trial 66 finished with values: [35734.705581025446, 38762.807942708336] and parameters: {'batch_size': 150, 'drug_hidden': 32, 'protein_hidden': 16, 'dropout': 0.3, 'is_attention': True, 'lr': 0.0001, 'epochs': 50}. 
[I 2023-12-27 06:01:23,178] Trial 67 finished with values: [37183.82839648437, 40931.382826254405] and parameters: {'batch_size': 50, 'drug_hidden': 64, 'protein_hidden': 64, 'dropout': 0.2, 'is_attention': True, 'lr': 0.0001, 'epochs': 50}. 
[I 2023-12-27 06:25:28,312] Trial 68 finished with values: [40035.6227109375, 44096.717016945426] and parameters: {'batch_size': 50, 'drug_hidden': 64, 'protein_hidden': 32, 'dropout': 0.1, 'is_attention': True, 'lr': 0.001, 'epochs': 100}. 
[I 2023-12-27 06:51:35,470] Trial 69 finished with values: [35416.9759921875, 38799.39111328125] and parameters: {'batch_size': 100, 'drug_hidden': 16, 'protein_hidden': 64, 'dropout': 0.1, 'is_attention': True, 'lr': 0.001, 'epochs': 100}. 
[I 2023-12-27 07:15:13,231] Trial 70 finished with values: [36471.92662695312, 38957.99466329225] and parameters: {'batch_size': 50, 'drug_hidden': 64, 'protein_hidden': 32, 'dropout': 0.2, 'is_attention': True, 'lr': 0.001, 'epochs': 100}. 
[I 2023-12-27 07:47:13,929] Trial 71 finished with values: [36414.95820703125, 40143.032006492074] and parameters: {'batch_size': 50, 'drug_hidden': 16, 'protein_hidden': 32, 'dropout': 0.1, 'is_attention': False, 'lr': 0.001, 'epochs': 100}. 
[I 2023-12-27 08:12:31,213] Trial 72 finished with values: [35441.96379116766, 40519.121419270836] and parameters: {'batch_size': 150, 'drug_hidden': 32, 'protein_hidden': 64, 'dropout': 0.1, 'is_attention': True, 'lr': 0.001, 'epochs': 100}. 
[I 2023-12-27 08:34:23,609] Trial 73 finished with values: [37598.9461328125, 41232.65362290933] and parameters: {'batch_size': 50, 'drug_hidden': 32, 'protein_hidden': 16, 'dropout': 0.3, 'is_attention': True, 'lr': 0.0001, 'epochs': 100}. 
[I 2023-12-27 08:48:11,548] Trial 74 finished with values: [36214.73325, 39494.99731789173] and parameters: {'batch_size': 50, 'drug_hidden': 64, 'protein_hidden': 64, 'dropout': 0.2, 'is_attention': False, 'lr': 0.0001, 'epochs': 50}. 
[I 2023-12-27 08:50:39,404] Trial 75 finished with values: [38154.18351171875, 41711.078771456865] and parameters: {'batch_size': 50, 'drug_hidden': 64, 'protein_hidden': 16, 'dropout': 0.2, 'is_attention': False, 'lr': 0.001, 'epochs': 10}. 
[I 2023-12-27 09:14:09,878] Trial 76 finished with values: [36808.99701367188, 39966.07453510123] and parameters: {'batch_size': 50, 'drug_hidden': 16, 'protein_hidden': 32, 'dropout': 0.3, 'is_attention': False, 'lr': 0.001, 'epochs': 100}. 
[I 2023-12-27 09:26:06,568] Trial 77 finished with values: [39430.6093515625, 43353.743356624116] and parameters: {'batch_size': 50, 'drug_hidden': 64, 'protein_hidden': 32, 'dropout': 0.2, 'is_attention': True, 'lr': 0.0001, 'epochs': 50}. 
[I 2023-12-27 09:45:58,347] Trial 78 finished with values: [35345.93091551273, 38618.72892252604] and parameters: {'batch_size': 150, 'drug_hidden': 64, 'protein_hidden': 16, 'dropout': 0.1, 'is_attention': False, 'lr': 0.001, 'epochs': 100}. 
[I 2023-12-27 10:07:34,515] Trial 79 finished with values: [38316.202296875, 41776.1367462588] and parameters: {'batch_size': 50, 'drug_hidden': 32, 'protein_hidden': 16, 'dropout': 0.2, 'is_attention': False, 'lr': 0.001, 'epochs': 100}. 
[I 2023-12-27 10:36:41,047] Trial 80 finished with values: [36596.12939453125, 40175.47374284771] and parameters: {'batch_size': 50, 'drug_hidden': 32, 'protein_hidden': 16, 'dropout': 0.2, 'is_attention': True, 'lr': 0.0001, 'epochs': 100}. 
[I 2023-12-27 10:49:24,993] Trial 81 finished with values: [37316.41442505614, 40491.509928385414] and parameters: {'batch_size': 150, 'drug_hidden': 64, 'protein_hidden': 64, 'dropout': 0.2, 'is_attention': True, 'lr': 0.01, 'epochs': 50}. 
[I 2023-12-27 10:52:11,707] Trial 82 finished with values: [40025.214282372755, 42891.75626627604] and parameters: {'batch_size': 150, 'drug_hidden': 32, 'protein_hidden': 64, 'dropout': 0.3, 'is_attention': True, 'lr': 0.01, 'epochs': 10}. 
[I 2023-12-27 11:14:01,854] Trial 83 finished with values: [37418.58203710937, 40480.71836487676] and parameters: {'batch_size': 50, 'drug_hidden': 32, 'protein_hidden': 16, 'dropout': 0.3, 'is_attention': True, 'lr': 0.001, 'epochs': 100}. 
[I 2023-12-27 11:25:20,422] Trial 84 finished with values: [38074.434822265626, 41446.50909165933] and parameters: {'batch_size': 50, 'drug_hidden': 64, 'protein_hidden': 16, 'dropout': 0.2, 'is_attention': False, 'lr': 0.001, 'epochs': 50}. 
[I 2023-12-27 11:51:45,286] Trial 85 finished with values: [35806.81321875, 38891.96576605903] and parameters: {'batch_size': 100, 'drug_hidden': 16, 'protein_hidden': 64, 'dropout': 0.1, 'is_attention': True, 'lr': 0.001, 'epochs': 100}. 
[I 2023-12-27 12:12:12,511] Trial 86 finished with values: [36166.68276337949, 39235.759602864586] and parameters: {'batch_size': 150, 'drug_hidden': 64, 'protein_hidden': 16, 'dropout': 0.3, 'is_attention': True, 'lr': 0.0001, 'epochs': 100}. 
[I 2023-12-27 12:40:13,663] Trial 87 finished with values: [36280.237765625, 39331.057424625884] and parameters: {'batch_size': 50, 'drug_hidden': 32, 'protein_hidden': 64, 'dropout': 0.1, 'is_attention': True, 'lr': 0.01, 'epochs': 100}. 
[I 2023-12-27 13:06:06,340] Trial 88 finished with values: [37131.38881221931, 40735.35400390625] and parameters: {'batch_size': 150, 'drug_hidden': 16, 'protein_hidden': 64, 'dropout': 0.3, 'is_attention': True, 'lr': 0.001, 'epochs': 100}. 
[I 2023-12-27 13:16:00,120] Trial 89 finished with values: [38545.34154101562, 41403.784936179574] and parameters: {'batch_size': 50, 'drug_hidden': 16, 'protein_hidden': 32, 'dropout': 0.3, 'is_attention': True, 'lr': 0.0001, 'epochs': 10}. 
[I 2023-12-27 13:44:04,788] Trial 90 finished with values: [38555.45662890625, 40164.68788512324] and parameters: {'batch_size': 50, 'drug_hidden': 64, 'protein_hidden': 64, 'dropout': 0.3, 'is_attention': True, 'lr': 0.0001, 'epochs': 100}. 
[I 2023-12-27 14:06:30,401] Trial 91 finished with values: [37965.61740234375, 41255.68976947623] and parameters: {'batch_size': 50, 'drug_hidden': 16, 'protein_hidden': 16, 'dropout': 0.1, 'is_attention': False, 'lr': 0.0001, 'epochs': 100}. 
[I 2023-12-27 14:18:45,197] Trial 92 finished with values: [36940.80541015625, 39486.75045389525] and parameters: {'batch_size': 50, 'drug_hidden': 16, 'protein_hidden': 32, 'dropout': 0.3, 'is_attention': False, 'lr': 0.001, 'epochs': 50}. 
[I 2023-12-27 14:39:06,812] Trial 93 finished with values: [36046.05737743263, 39065.083251953125] and parameters: {'batch_size': 150, 'drug_hidden': 64, 'protein_hidden': 16, 'dropout': 0.3, 'is_attention': True, 'lr': 0.01, 'epochs': 100}. 
[I 2023-12-27 15:03:18,779] Trial 94 finished with values: [36369.87051757812, 40217.110159000884] and parameters: {'batch_size': 50, 'drug_hidden': 32, 'protein_hidden': 32, 'dropout': 0.1, 'is_attention': True, 'lr': 0.01, 'epochs': 100}. 
[I 2023-12-27 15:06:12,270] Trial 95 finished with values: [38352.597118263475, 41720.869954427086] and parameters: {'batch_size': 150, 'drug_hidden': 32, 'protein_hidden': 64, 'dropout': 0.2, 'is_attention': True, 'lr': 0.01, 'epochs': 10}. 
[I 2023-12-27 15:26:38,276] Trial 96 finished with values: [36512.790325598806, 39347.2001953125] and parameters: {'batch_size': 150, 'drug_hidden': 64, 'protein_hidden': 16, 'dropout': 0.3, 'is_attention': True, 'lr': 0.01, 'epochs': 100}. 
[I 2023-12-27 15:29:30,819] Trial 97 finished with values: [37675.16665886976, 40968.333251953125] and parameters: {'batch_size': 150, 'drug_hidden': 16, 'protein_hidden': 64, 'dropout': 0.2, 'is_attention': True, 'lr': 0.001, 'epochs': 10}. 
[I 2023-12-27 15:51:19,704] Trial 98 finished with values: [36821.64124023438, 40888.80035486355] and parameters: {'batch_size': 50, 'drug_hidden': 32, 'protein_hidden': 16, 'dropout': 0.3, 'is_attention': False, 'lr': 0.0001, 'epochs': 100}. 
[I 2023-12-27 16:00:40,798] Trial 99 finished with values: [38506.8864765625, 41232.0995818662] and parameters: {'batch_size': 50, 'drug_hidden': 64, 'protein_hidden': 32, 'dropout': 0.2, 'is_attention': False, 'lr': 0.01, 'epochs': 10}. 
[I 2023-12-27 16:25:05,631] Trial 100 finished with values: [37561.97181445312, 41105.9521209287] and parameters: {'batch_size': 50, 'drug_hidden': 16, 'protein_hidden': 32, 'dropout': 0.1, 'is_attention': True, 'lr': 0.0001, 'epochs': 100}. 
[I 2023-12-27 16:35:19,652] Trial 101 finished with values: [37199.431126029194, 42043.543782552086] and parameters: {'batch_size': 150, 'drug_hidden': 64, 'protein_hidden': 16, 'dropout': 0.2, 'is_attention': True, 'lr': 0.01, 'epochs': 50}. 
[I 2023-12-27 17:02:46,331] Trial 102 finished with values: [43377.8904609375, 47823.84207196303] and parameters: {'batch_size': 50, 'drug_hidden': 16, 'protein_hidden': 64, 'dropout': 0.3, 'is_attention': True, 'lr': 0.0001, 'epochs': 100}. 
[I 2023-12-27 17:12:51,786] Trial 103 finished with values: [36269.40444891467, 39308.906412760414] and parameters: {'batch_size': 150, 'drug_hidden': 32, 'protein_hidden': 16, 'dropout': 0.3, 'is_attention': False, 'lr': 0.0001, 'epochs': 50}. 
[I 2023-12-27 17:40:12,558] Trial 104 finished with values: [35997.94029296875, 39266.44814590669] and parameters: {'batch_size': 50, 'drug_hidden': 64, 'protein_hidden': 64, 'dropout': 0.1, 'is_attention': True, 'lr': 0.001, 'epochs': 100}. 
[I 2023-12-27 18:06:06,474] Trial 105 finished with values: [35766.7420390625, 38929.33230251736] and parameters: {'batch_size': 100, 'drug_hidden': 16, 'protein_hidden': 64, 'dropout': 0.1, 'is_attention': True, 'lr': 0.01, 'epochs': 100}. 
[I 2023-12-27 18:34:04,147] Trial 106 finished with values: [36792.5384140625, 40379.64501265405] and parameters: {'batch_size': 50, 'drug_hidden': 64, 'protein_hidden': 64, 'dropout': 0.2, 'is_attention': False, 'lr': 0.01, 'epochs': 100}. 
[I 2023-12-27 19:03:52,135] Trial 107 finished with values: [35728.67888476563, 39187.30754841549] and parameters: {'batch_size': 50, 'drug_hidden': 16, 'protein_hidden': 32, 'dropout': 0.2, 'is_attention': False, 'lr': 0.0001, 'epochs': 100}. 
[I 2023-12-27 19:26:37,444] Trial 108 finished with values: [35547.6159453125, 38788.352376302086] and parameters: {'batch_size': 100, 'drug_hidden': 32, 'protein_hidden': 32, 'dropout': 0.1, 'is_attention': False, 'lr': 0.01, 'epochs': 100}. 
[I 2023-12-27 19:50:51,361] Trial 109 finished with values: [37122.07227148437, 40627.71214788732] and parameters: {'batch_size': 50, 'drug_hidden': 64, 'protein_hidden': 32, 'dropout': 0.3, 'is_attention': False, 'lr': 0.0001, 'epochs': 100}. 
[I 2023-12-27 20:03:56,448] Trial 110 finished with values: [36260.755356474554, 39446.719970703125] and parameters: {'batch_size': 150, 'drug_hidden': 32, 'protein_hidden': 64, 'dropout': 0.1, 'is_attention': False, 'lr': 0.001, 'epochs': 50}. 
[I 2023-12-27 20:24:32,450] Trial 111 finished with values: [38911.984819423655, 41458.56941731771] and parameters: {'batch_size': 150, 'drug_hidden': 32, 'protein_hidden': 16, 'dropout': 0.1, 'is_attention': True, 'lr': 0.001, 'epochs': 100}. 
[I 2023-12-27 20:36:53,829] Trial 112 finished with values: [36517.752724609374, 39820.63079060299] and parameters: {'batch_size': 50, 'drug_hidden': 32, 'protein_hidden': 32, 'dropout': 0.1, 'is_attention': False, 'lr': 0.0001, 'epochs': 50}. 
[I 2023-12-27 21:01:23,789] Trial 113 finished with values: [36851.05259765625, 40134.71745708627] and parameters: {'batch_size': 50, 'drug_hidden': 64, 'protein_hidden': 32, 'dropout': 0.3, 'is_attention': True, 'lr': 0.001, 'epochs': 100}. 
[I 2023-12-27 21:22:28,441] Trial 114 finished with values: [36133.685234375, 39092.73931206597] and parameters: {'batch_size': 100, 'drug_hidden': 64, 'protein_hidden': 16, 'dropout': 0.1, 'is_attention': False, 'lr': 0.01, 'epochs': 100}. 
[I 2023-12-27 21:41:31,993] Trial 115 finished with values: [37842.858548828124, 40966.249353543135] and parameters: {'batch_size': 50, 'drug_hidden': 16, 'protein_hidden': 64, 'dropout': 0.3, 'is_attention': False, 'lr': 0.001, 'epochs': 50}. 
[I 2023-12-27 22:01:40,321] Trial 116 finished with values: [35019.484889595806, 38354.12736002604] and parameters: {'batch_size': 150, 'drug_hidden': 64, 'protein_hidden': 16, 'dropout': 0.3, 'is_attention': False, 'lr': 0.01, 'epochs': 100}. 
[I 2023-12-27 22:27:46,308] Trial 117 finished with values: [40690.84540234375, 42795.36238721391] and parameters: {'batch_size': 50, 'drug_hidden': 16, 'protein_hidden': 32, 'dropout': 0.1, 'is_attention': False, 'lr': 0.001, 'epochs': 100}. 
[I 2023-12-27 22:38:52,814] Trial 118 finished with values: [37456.74909960938, 40087.11963578345] and parameters: {'batch_size': 50, 'drug_hidden': 32, 'protein_hidden': 16, 'dropout': 0.3, 'is_attention': False, 'lr': 0.001, 'epochs': 50}. 
[I 2023-12-27 23:05:07,106] Trial 119 finished with values: [35641.262203125, 39003.64653862847] and parameters: {'batch_size': 100, 'drug_hidden': 16, 'protein_hidden': 64, 'dropout': 0.1, 'is_attention': True, 'lr': 0.001, 'epochs': 100}. 
[I 2023-12-27 23:32:07,944] Trial 120 finished with values: [35725.74341551273, 39164.86368815104] and parameters: {'batch_size': 150, 'drug_hidden': 32, 'protein_hidden': 64, 'dropout': 0.2, 'is_attention': True, 'lr': 0.0001, 'epochs': 100}. 
[I 2023-12-27 23:52:33,443] Trial 121 finished with values: [38133.45920658683, 41583.472493489586] and parameters: {'batch_size': 150, 'drug_hidden': 32, 'protein_hidden': 16, 'dropout': 0.3, 'is_attention': True, 'lr': 0.001, 'epochs': 100}. 
[I 2023-12-28 00:14:53,210] Trial 122 finished with values: [36032.83875, 39609.853895399305] and parameters: {'batch_size': 100, 'drug_hidden': 64, 'protein_hidden': 32, 'dropout': 0.1, 'is_attention': False, 'lr': 0.0001, 'epochs': 100}. 
[I 2023-12-28 00:31:54,312] Trial 123 finished with values: [36950.37068945313, 40514.27866417253] and parameters: {'batch_size': 50, 'drug_hidden': 64, 'protein_hidden': 32, 'dropout': 0.3, 'is_attention': True, 'lr': 0.0001, 'epochs': 50}. 
[I 2023-12-28 00:58:00,819] Trial 124 finished with values: [35461.76615625, 38364.245496961805] and parameters: {'batch_size': 100, 'drug_hidden': 64, 'protein_hidden': 64, 'dropout': 0.1, 'is_attention': True, 'lr': 0.001, 'epochs': 100}. 
[I 2023-12-28 01:25:40,639] Trial 125 finished with values: [35666.979030220806, 39258.141357421875] and parameters: {'batch_size': 150, 'drug_hidden': 32, 'protein_hidden': 64, 'dropout': 0.2, 'is_attention': True, 'lr': 0.001, 'epochs': 100}. 
[I 2023-12-28 01:46:04,796] Trial 126 finished with values: [35756.0168671875, 38747.018174913195] and parameters: {'batch_size': 100, 'drug_hidden': 32, 'protein_hidden': 16, 'dropout': 0.1, 'is_attention': False, 'lr': 0.01, 'epochs': 100}. 
[I 2023-12-28 02:07:47,318] Trial 127 finished with values: [36275.88164296407, 39822.916259765625] and parameters: {'batch_size': 150, 'drug_hidden': 16, 'protein_hidden': 32, 'dropout': 0.3, 'is_attention': False, 'lr': 0.001, 'epochs': 100}. 
[I 2023-12-28 02:33:12,707] Trial 128 finished with values: [36785.70806044162, 40304.01953125] and parameters: {'batch_size': 150, 'drug_hidden': 64, 'protein_hidden': 64, 'dropout': 0.3, 'is_attention': True, 'lr': 0.0001, 'epochs': 100}. 
[I 2023-12-28 02:58:42,725] Trial 129 finished with values: [35555.63971276198, 39227.79239908854] and parameters: {'batch_size': 150, 'drug_hidden': 16, 'protein_hidden': 64, 'dropout': 0.3, 'is_attention': True, 'lr': 0.001, 'epochs': 100}. 
[I 2023-12-28 03:14:21,596] Trial 130 finished with values: [36909.52653710938, 40942.41149042694] and parameters: {'batch_size': 50, 'drug_hidden': 32, 'protein_hidden': 64, 'dropout': 0.2, 'is_attention': False, 'lr': 0.001, 'epochs': 50}. 
[I 2023-12-28 03:41:45,621] Trial 131 finished with values: [35113.0537578125, 38268.772135416664] and parameters: {'batch_size': 100, 'drug_hidden': 64, 'protein_hidden': 64, 'dropout': 0.2, 'is_attention': False, 'lr': 0.0001, 'epochs': 100}. 
[I 2023-12-28 03:58:49,764] Trial 132 finished with values: [36360.99432226562, 39673.093488666374] and parameters: {'batch_size': 50, 'drug_hidden': 64, 'protein_hidden': 64, 'dropout': 0.3, 'is_attention': True, 'lr': 0.0001, 'epochs': 50}. 
[I 2023-12-28 04:21:18,643] Trial 133 finished with values: [39633.51652148437, 43637.25910541373] and parameters: {'batch_size': 50, 'drug_hidden': 32, 'protein_hidden': 16, 'dropout': 0.2, 'is_attention': True, 'lr': 0.0001, 'epochs': 100}. 
[I 2023-12-28 04:33:31,191] Trial 134 finished with values: [37298.089724609374, 40874.2216521787] and parameters: {'batch_size': 50, 'drug_hidden': 64, 'protein_hidden': 32, 'dropout': 0.1, 'is_attention': True, 'lr': 0.0001, 'epochs': 50}. 
[I 2023-12-28 04:57:29,592] Trial 135 finished with values: [40960.63927734375, 45131.825415382926] and parameters: {'batch_size': 50, 'drug_hidden': 64, 'protein_hidden': 32, 'dropout': 0.3, 'is_attention': True, 'lr': 0.0001, 'epochs': 100}. 
[I 2023-12-28 05:21:26,444] Trial 136 finished with values: [36840.12194335937, 41770.140955105635] and parameters: {'batch_size': 50, 'drug_hidden': 64, 'protein_hidden': 32, 'dropout': 0.1, 'is_attention': False, 'lr': 0.01, 'epochs': 100}. 
[I 2023-12-28 05:45:04,494] Trial 137 finished with values: [36701.91905078125, 39796.982366857395] and parameters: {'batch_size': 50, 'drug_hidden': 16, 'protein_hidden': 32, 'dropout': 0.2, 'is_attention': False, 'lr': 0.001, 'epochs': 100}. 
[I 2023-12-28 06:11:24,015] Trial 138 finished with values: [35816.95250514596, 39478.458658854164] and parameters: {'batch_size': 150, 'drug_hidden': 32, 'protein_hidden': 64, 'dropout': 0.1, 'is_attention': True, 'lr': 0.001, 'epochs': 100}. 
[I 2023-12-28 06:34:03,976] Trial 139 finished with values: [37236.32981640625, 40591.72708516725] and parameters: {'batch_size': 50, 'drug_hidden': 32, 'protein_hidden': 16, 'dropout': 0.2, 'is_attention': True, 'lr': 0.0001, 'epochs': 100}. 
[I 2023-12-28 07:00:41,619] Trial 140 finished with values: [36242.73233203125, 39304.986135563384] and parameters: {'batch_size': 50, 'drug_hidden': 32, 'protein_hidden': 32, 'dropout': 0.1, 'is_attention': True, 'lr': 0.0001, 'epochs': 100}. 
[I 2023-12-28 07:26:54,305] Trial 141 finished with values: [35816.75090054266, 39552.48974609375] and parameters: {'batch_size': 150, 'drug_hidden': 16, 'protein_hidden': 64, 'dropout': 0.1, 'is_attention': True, 'lr': 0.01, 'epochs': 100}. 
[I 2023-12-28 07:56:46,086] Trial 142 finished with values: [37973.12196875, 45274.61435409331] and parameters: {'batch_size': 50, 'drug_hidden': 16, 'protein_hidden': 64, 'dropout': 0.3, 'is_attention': True, 'lr': 0.0001, 'epochs': 100}. 
[I 2023-12-28 08:27:30,585] Trial 143 finished with values: [35496.7481171875, 38439.33517795139] and parameters: {'batch_size': 100, 'drug_hidden': 16, 'protein_hidden': 64, 'dropout': 0.3, 'is_attention': False, 'lr': 0.001, 'epochs': 100}. 
[I 2023-12-28 08:40:49,408] Trial 144 finished with values: [35680.0351875, 38895.08648003472] and parameters: {'batch_size': 100, 'drug_hidden': 64, 'protein_hidden': 64, 'dropout': 0.1, 'is_attention': True, 'lr': 0.001, 'epochs': 50}. 
[I 2023-12-28 08:45:28,428] Trial 145 finished with values: [39514.798278443115, 43530.50146484375] and parameters: {'batch_size': 150, 'drug_hidden': 16, 'protein_hidden': 16, 'dropout': 0.1, 'is_attention': True, 'lr': 0.001, 'epochs': 10}. 
[I 2023-12-28 08:56:28,471] Trial 146 finished with values: [38985.6953709768, 41465.60400390625] and parameters: {'batch_size': 150, 'drug_hidden': 64, 'protein_hidden': 16, 'dropout': 0.2, 'is_attention': True, 'lr': 0.0001, 'epochs': 50}. 
[I 2023-12-28 09:17:03,201] Trial 147 finished with values: [36655.78284056886, 40471.869384765625] and parameters: {'batch_size': 150, 'drug_hidden': 64, 'protein_hidden': 16, 'dropout': 0.3, 'is_attention': True, 'lr': 0.0001, 'epochs': 100}. 
[I 2023-12-28 09:43:10,235] Trial 148 finished with values: [36071.526265625, 39758.780870225695] and parameters: {'batch_size': 100, 'drug_hidden': 16, 'protein_hidden': 64, 'dropout': 0.1, 'is_attention': False, 'lr': 0.0001, 'epochs': 100}. 
[I 2023-12-28 09:56:07,179] Trial 149 finished with values: [35833.992573446856, 39800.32820638021] and parameters: {'batch_size': 150, 'drug_hidden': 32, 'protein_hidden': 64, 'dropout': 0.3, 'is_attention': False, 'lr': 0.01, 'epochs': 50}. 
[I 2023-12-28 10:18:29,515] Trial 150 finished with values: [37929.387671875, 41322.87725572183] and parameters: {'batch_size': 50, 'drug_hidden': 32, 'protein_hidden': 16, 'dropout': 0.1, 'is_attention': True, 'lr': 0.0001, 'epochs': 100}. 
[I 2023-12-28 10:40:41,756] Trial 151 finished with values: [39684.10847265625, 41394.49346665933] and parameters: {'batch_size': 50, 'drug_hidden': 64, 'protein_hidden': 16, 'dropout': 0.3, 'is_attention': True, 'lr': 0.001, 'epochs': 100}. 
[I 2023-12-28 11:03:04,699] Trial 152 finished with values: [35674.694610778446, 39127.254069010414] and parameters: {'batch_size': 150, 'drug_hidden': 16, 'protein_hidden': 32, 'dropout': 0.1, 'is_attention': False, 'lr': 0.001, 'epochs': 100}. 
[I 2023-12-28 11:29:18,788] Trial 153 finished with values: [37840.6841796875, 41108.66840277778] and parameters: {'batch_size': 100, 'drug_hidden': 64, 'protein_hidden': 64, 'dropout': 0.2, 'is_attention': True, 'lr': 0.0001, 'epochs': 100}. 
[I 2023-12-28 11:46:00,632] Trial 154 finished with values: [36571.6071171875, 39867.839952256945] and parameters: {'batch_size': 100, 'drug_hidden': 64, 'protein_hidden': 32, 'dropout': 0.2, 'is_attention': False, 'lr': 0.001, 'epochs': 50}. 
[I 2023-12-28 11:56:44,670] Trial 155 finished with values: [36097.33159375, 38889.51459418403] and parameters: {'batch_size': 100, 'drug_hidden': 32, 'protein_hidden': 16, 'dropout': 0.3, 'is_attention': False, 'lr': 0.0001, 'epochs': 50}. 
[I 2023-12-28 12:17:11,056] Trial 156 finished with values: [35812.34439324476, 38744.64168294271] and parameters: {'batch_size': 150, 'drug_hidden': 32, 'protein_hidden': 16, 'dropout': 0.1, 'is_attention': False, 'lr': 0.01, 'epochs': 100}. 
[I 2023-12-28 12:37:28,010] Trial 157 finished with values: [35406.04362369012, 38744.523763020836] and parameters: {'batch_size': 150, 'drug_hidden': 32, 'protein_hidden': 16, 'dropout': 0.1, 'is_attention': False, 'lr': 0.001, 'epochs': 100}. 
[I 2023-12-28 12:39:50,455] Trial 158 finished with values: [38565.12578125, 41617.90261501736] and parameters: {'batch_size': 100, 'drug_hidden': 64, 'protein_hidden': 16, 'dropout': 0.3, 'is_attention': False, 'lr': 0.001, 'epochs': 10}. 
[I 2023-12-28 13:05:32,100] Trial 159 finished with values: [34933.90509215943, 39010.48974609375] and parameters: {'batch_size': 150, 'drug_hidden': 32, 'protein_hidden': 64, 'dropout': 0.1, 'is_attention': True, 'lr': 0.001, 'epochs': 100}. 
[I 2023-12-28 13:18:26,072] Trial 160 finished with values: [36675.24814043788, 39957.280924479164] and parameters: {'batch_size': 150, 'drug_hidden': 32, 'protein_hidden': 64, 'dropout': 0.1, 'is_attention': False, 'lr': 0.001, 'epochs': 50}. 
[I 2023-12-28 13:44:00,086] Trial 161 finished with values: [35593.002350767216, 39281.04060872396] and parameters: {'batch_size': 150, 'drug_hidden': 16, 'protein_hidden': 64, 'dropout': 0.3, 'is_attention': True, 'lr': 0.001, 'epochs': 100}. 
[I 2023-12-28 14:05:14,522] Trial 162 finished with values: [38883.9147265625, 42796.56423611111] and parameters: {'batch_size': 100, 'drug_hidden': 32, 'protein_hidden': 16, 'dropout': 0.2, 'is_attention': True, 'lr': 0.001, 'epochs': 100}. 
[I 2023-12-28 14:30:43,146] Trial 163 finished with values: [36021.82523624626, 39331.553059895836] and parameters: {'batch_size': 150, 'drug_hidden': 32, 'protein_hidden': 64, 'dropout': 0.2, 'is_attention': True, 'lr': 0.0001, 'epochs': 100}. 
[I 2023-12-28 14:57:23,611] Trial 164 finished with values: [36711.81010546875, 40467.13173965669] and parameters: {'batch_size': 50, 'drug_hidden': 16, 'protein_hidden': 16, 'dropout': 0.2, 'is_attention': False, 'lr': 0.01, 'epochs': 100}. 
[I 2023-12-28 15:25:02,310] Trial 165 finished with values: [36107.57898046875, 39389.838220730635] and parameters: {'batch_size': 50, 'drug_hidden': 64, 'protein_hidden': 64, 'dropout': 0.1, 'is_attention': False, 'lr': 0.001, 'epochs': 100}. 
[I 2023-12-28 15:45:05,989] Trial 166 finished with values: [36298.87525729791, 40059.1513671875] and parameters: {'batch_size': 150, 'drug_hidden': 64, 'protein_hidden': 16, 'dropout': 0.3, 'is_attention': False, 'lr': 0.001, 'epochs': 100}. 
[I 2023-12-28 15:58:08,775] Trial 167 finished with values: [36155.15249578967, 39307.179036458336] and parameters: {'batch_size': 150, 'drug_hidden': 64, 'protein_hidden': 64, 'dropout': 0.1, 'is_attention': True, 'lr': 0.001, 'epochs': 50}. 
[I 2023-12-28 16:20:00,071] Trial 168 finished with values: [36031.78790465943, 40038.757568359375] and parameters: {'batch_size': 150, 'drug_hidden': 32, 'protein_hidden': 32, 'dropout': 0.3, 'is_attention': True, 'lr': 0.0001, 'epochs': 100}. 
[I 2023-12-28 16:45:30,414] Trial 169 finished with values: [36834.18173418788, 40526.706705729164] and parameters: {'batch_size': 150, 'drug_hidden': 16, 'protein_hidden': 64, 'dropout': 0.1, 'is_attention': False, 'lr': 0.0001, 'epochs': 100}. 
[I 2023-12-28 17:09:51,749] Trial 170 finished with values: [36084.6790703125, 39426.57280815972] and parameters: {'batch_size': 100, 'drug_hidden': 64, 'protein_hidden': 32, 'dropout': 0.3, 'is_attention': False, 'lr': 0.01, 'epochs': 100}. 
[I 2023-12-28 17:36:01,310] Trial 171 finished with values: [36550.75346484375, 39792.95990668403] and parameters: {'batch_size': 100, 'drug_hidden': 32, 'protein_hidden': 64, 'dropout': 0.1, 'is_attention': True, 'lr': 0.01, 'epochs': 100}. 
[I 2023-12-28 18:29:59,564] Trial 172 finished with values: [35883.548114708086, 39326.176025390625] and parameters: {'batch_size': 150, 'drug_hidden': 32, 'protein_hidden': 64, 'dropout': 0.3, 'is_attention': True, 'lr': 0.0001, 'epochs': 100}. 
[I 2023-12-28 18:50:18,636] Trial 173 finished with values: [35517.85145724177, 38620.15584309896] and parameters: {'batch_size': 150, 'drug_hidden': 16, 'protein_hidden': 16, 'dropout': 0.1, 'is_attention': True, 'lr': 0.001, 'epochs': 100}. 
[I 2023-12-28 19:16:27,928] Trial 174 finished with values: [36097.03790625, 39260.026963975695] and parameters: {'batch_size': 100, 'drug_hidden': 16, 'protein_hidden': 64, 'dropout': 0.1, 'is_attention': True, 'lr': 0.001, 'epochs': 100}. 
[I 2023-12-28 19:44:18,597] Trial 175 finished with values: [36830.234828125, 39129.98755226673] and parameters: {'batch_size': 50, 'drug_hidden': 16, 'protein_hidden': 64, 'dropout': 0.1, 'is_attention': True, 'lr': 0.001, 'epochs': 100}. 
[I 2023-12-28 20:10:34,977] Trial 176 finished with values: [35454.4313248503, 39087.806803385414] and parameters: {'batch_size': 150, 'drug_hidden': 32, 'protein_hidden': 64, 'dropout': 0.2, 'is_attention': True, 'lr': 0.0001, 'epochs': 100}. 
[I 2023-12-28 20:34:13,499] Trial 177 finished with values: [36114.22437109375, 40307.34353298611] and parameters: {'batch_size': 100, 'drug_hidden': 16, 'protein_hidden': 32, 'dropout': 0.1, 'is_attention': True, 'lr': 0.001, 'epochs': 100}. 
[I 2023-12-28 20:40:04,108] Trial 178 finished with values: [38368.66911489521, 41254.914794921875] and parameters: {'batch_size': 150, 'drug_hidden': 32, 'protein_hidden': 64, 'dropout': 0.2, 'is_attention': True, 'lr': 0.0001, 'epochs': 10}. 
[I 2023-12-28 21:06:29,145] Trial 179 finished with values: [38024.09697791916, 41876.989095052086] and parameters: {'batch_size': 150, 'drug_hidden': 16, 'protein_hidden': 64, 'dropout': 0.1, 'is_attention': True, 'lr': 0.01, 'epochs': 100}. 
[I 2023-12-28 21:12:13,568] Trial 180 finished with values: [38229.060375, 42504.360948350695] and parameters: {'batch_size': 100, 'drug_hidden': 32, 'protein_hidden': 64, 'dropout': 0.1, 'is_attention': False, 'lr': 0.01, 'epochs': 10}. 
[I 2023-12-28 21:37:51,423] Trial 181 finished with values: [34707.21656296781, 37972.135579427086] and parameters: {'batch_size': 150, 'drug_hidden': 64, 'protein_hidden': 64, 'dropout': 0.1, 'is_attention': False, 'lr': 0.0001, 'epochs': 100}. 
[I 2023-12-28 21:59:04,933] Trial 182 finished with values: [36163.57444096183, 38861.16072591146] and parameters: {'batch_size': 150, 'drug_hidden': 64, 'protein_hidden': 16, 'dropout': 0.1, 'is_attention': False, 'lr': 0.01, 'epochs': 100}. 
[I 2023-12-28 22:25:10,405] Trial 183 finished with values: [35876.9751796875, 39084.955403645836] and parameters: {'batch_size': 100, 'drug_hidden': 64, 'protein_hidden': 64, 'dropout': 0.3, 'is_attention': False, 'lr': 0.0001, 'epochs': 100}. 
[I 2023-12-28 22:51:23,408] Trial 184 finished with values: [36075.92983953967, 39819.06876627604] and parameters: {'batch_size': 150, 'drug_hidden': 32, 'protein_hidden': 64, 'dropout': 0.2, 'is_attention': True, 'lr': 0.01, 'epochs': 100}. 
[I 2023-12-28 23:17:01,232] Trial 185 finished with values: [35874.743438903446, 39485.003662109375] and parameters: {'batch_size': 150, 'drug_hidden': 16, 'protein_hidden': 64, 'dropout': 0.1, 'is_attention': True, 'lr': 0.01, 'epochs': 100}. 
[I 2023-12-28 23:40:19,874] Trial 186 finished with values: [36613.988828125, 39342.884765625] and parameters: {'batch_size': 100, 'drug_hidden': 32, 'protein_hidden': 16, 'dropout': 0.3, 'is_attention': False, 'lr': 0.01, 'epochs': 100}. 
[I 2023-12-28 23:54:47,305] Trial 187 finished with values: [37809.404796875, 41665.76753686179] and parameters: {'batch_size': 50, 'drug_hidden': 16, 'protein_hidden': 64, 'dropout': 0.2, 'is_attention': True, 'lr': 0.001, 'epochs': 50}. 
[I 2023-12-29 00:24:01,980] Trial 188 finished with values: [35768.49565625, 39605.32177734375] and parameters: {'batch_size': 100, 'drug_hidden': 32, 'protein_hidden': 64, 'dropout': 0.2, 'is_attention': False, 'lr': 0.0001, 'epochs': 100}. 
[I 2023-12-29 00:44:21,225] Trial 189 finished with values: [36371.07121304266, 39880.84708658854] and parameters: {'batch_size': 150, 'drug_hidden': 16, 'protein_hidden': 16, 'dropout': 0.3, 'is_attention': True, 'lr': 0.001, 'epochs': 100}. 
[I 2023-12-29 01:10:25,266] Trial 190 finished with values: [35898.555484375, 39540.232042100695] and parameters: {'batch_size': 100, 'drug_hidden': 64, 'protein_hidden': 64, 'dropout': 0.1, 'is_attention': True, 'lr': 0.001, 'epochs': 100}. 
[I 2023-12-29 01:38:47,522] Trial 191 finished with values: [36752.04403710937, 40411.675932548416] and parameters: {'batch_size': 50, 'drug_hidden': 32, 'protein_hidden': 64, 'dropout': 0.1, 'is_attention': True, 'lr': 0.0001, 'epochs': 100}. 
[I 2023-12-29 02:00:40,567] Trial 192 finished with values: [35277.02181184506, 38859.265462239586] and parameters: {'batch_size': 150, 'drug_hidden': 64, 'protein_hidden': 32, 'dropout': 0.1, 'is_attention': False, 'lr': 0.01, 'epochs': 100}. 
[I 2023-12-29 02:29:20,851] Trial 193 finished with values: [35591.7033984375, 38762.39019097222] and parameters: {'batch_size': 100, 'drug_hidden': 64, 'protein_hidden': 64, 'dropout': 0.1, 'is_attention': False, 'lr': 0.001, 'epochs': 100}. 
[I 2023-12-29 02:41:12,922] Trial 194 finished with values: [36467.507286208835, 39715.93074544271] and parameters: {'batch_size': 150, 'drug_hidden': 16, 'protein_hidden': 32, 'dropout': 0.2, 'is_attention': True, 'lr': 0.0001, 'epochs': 50}. 
[I 2023-12-29 03:06:56,392] Trial 195 finished with values: [37792.8053671875, 41011.51422205105] and parameters: {'batch_size': 50, 'drug_hidden': 64, 'protein_hidden': 16, 'dropout': 0.1, 'is_attention': True, 'lr': 0.001, 'epochs': 100}. 
[I 2023-12-29 03:21:20,711] Trial 196 finished with values: [38263.02060742187, 42156.84033890845] and parameters: {'batch_size': 50, 'drug_hidden': 64, 'protein_hidden': 64, 'dropout': 0.2, 'is_attention': False, 'lr': 0.0001, 'epochs': 50}. 
[I 2023-12-29 03:26:56,768] Trial 197 finished with values: [38528.980109375, 42246.354871961805] and parameters: {'batch_size': 100, 'drug_hidden': 16, 'protein_hidden': 16, 'dropout': 0.3, 'is_attention': True, 'lr': 0.01, 'epochs': 10}. 
[I 2023-12-29 03:49:12,833] Trial 198 finished with values: [35851.2774022268, 40498.2783203125] and parameters: {'batch_size': 150, 'drug_hidden': 64, 'protein_hidden': 32, 'dropout': 0.3, 'is_attention': True, 'lr': 0.0001, 'epochs': 100}. 
[I 2023-12-29 04:00:59,864] Trial 199 finished with values: [36731.211078125, 40218.358072916664] and parameters: {'batch_size': 100, 'drug_hidden': 32, 'protein_hidden': 32, 'dropout': 0.1, 'is_attention': False, 'lr': 0.0001, 'epochs': 50}. 
[I 2023-12-29 04:14:43,242] Trial 200 finished with values: [36254.11654425524, 39484.45076497396] and parameters: {'batch_size': 150, 'drug_hidden': 16, 'protein_hidden': 64, 'dropout': 0.1, 'is_attention': True, 'lr': 0.001, 'epochs': 50}. 
[I 2023-12-29 04:26:04,830] Trial 201 finished with values: [37642.6020078125, 41274.62019971391] and parameters: {'batch_size': 50, 'drug_hidden': 64, 'protein_hidden': 16, 'dropout': 0.2, 'is_attention': False, 'lr': 0.0001, 'epochs': 50}. 
[I 2023-12-29 04:51:46,247] Trial 202 finished with values: [36223.865807447604, 40017.22403971354] and parameters: {'batch_size': 150, 'drug_hidden': 64, 'protein_hidden': 64, 'dropout': 0.1, 'is_attention': True, 'lr': 0.001, 'epochs': 100}. 
[I 2023-12-29 05:16:00,120] Trial 203 finished with values: [35411.431231287424, 39012.161295572914] and parameters: {'batch_size': 150, 'drug_hidden': 64, 'protein_hidden': 32, 'dropout': 0.1, 'is_attention': False, 'lr': 0.01, 'epochs': 100}. 
[I 2023-12-29 05:42:33,850] Trial 204 finished with values: [35927.6125, 38958.9072265625] and parameters: {'batch_size': 100, 'drug_hidden': 16, 'protein_hidden': 64, 'dropout': 0.2, 'is_attention': True, 'lr': 0.001, 'epochs': 100}. 
[I 2023-12-29 06:10:47,055] Trial 205 finished with values: [36635.191979322604, 39562.555419921875] and parameters: {'batch_size': 150, 'drug_hidden': 32, 'protein_hidden': 64, 'dropout': 0.3, 'is_attention': True, 'lr': 0.001, 'epochs': 100}. 
[I 2023-12-29 06:39:29,730] Trial 206 finished with values: [35946.49515812126, 39061.117431640625] and parameters: {'batch_size': 150, 'drug_hidden': 64, 'protein_hidden': 64, 'dropout': 0.1, 'is_attention': False, 'lr': 0.001, 'epochs': 100}. 
[I 2023-12-29 07:00:10,919] Trial 207 finished with values: [36530.72471463323, 40311.4208984375] and parameters: {'batch_size': 150, 'drug_hidden': 32, 'protein_hidden': 16, 'dropout': 0.1, 'is_attention': True, 'lr': 0.01, 'epochs': 100}. 
[I 2023-12-29 07:15:27,517] Trial 208 finished with values: [36344.489754865266, 39385.03670247396] and parameters: {'batch_size': 150, 'drug_hidden': 64, 'protein_hidden': 16, 'dropout': 0.1, 'is_attention': False, 'lr': 0.001, 'epochs': 50}. 
[I 2023-12-29 07:36:53,668] Trial 209 finished with values: [35679.38878882859, 39489.884521484375] and parameters: {'batch_size': 150, 'drug_hidden': 64, 'protein_hidden': 16, 'dropout': 0.1, 'is_attention': True, 'lr': 0.01, 'epochs': 100}. 
[I 2023-12-29 08:02:54,636] Trial 210 finished with values: [35524.19238866018, 38501.015299479164] and parameters: {'batch_size': 150, 'drug_hidden': 16, 'protein_hidden': 64, 'dropout': 0.1, 'is_attention': True, 'lr': 0.0001, 'epochs': 100}. 
[I 2023-12-29 08:23:23,377] Trial 211 finished with values: [35503.15854229042, 38774.816162109375] and parameters: {'batch_size': 150, 'drug_hidden': 64, 'protein_hidden': 16, 'dropout': 0.3, 'is_attention': True, 'lr': 0.001, 'epochs': 100}. 
[I 2023-12-29 08:33:39,489] Trial 212 finished with values: [37267.068827189374, 40683.496256510414] and parameters: {'batch_size': 150, 'drug_hidden': 16, 'protein_hidden': 16, 'dropout': 0.3, 'is_attention': False, 'lr': 0.0001, 'epochs': 50}. 
[I 2023-12-29 08:59:33,672] Trial 213 finished with values: [35839.6311875, 40694.77077907986] and parameters: {'batch_size': 100, 'drug_hidden': 64, 'protein_hidden': 64, 'dropout': 0.1, 'is_attention': False, 'lr': 0.01, 'epochs': 100}. 
[I 2023-12-29 09:13:21,094] Trial 214 finished with values: [37001.773462890626, 40671.10718805018] and parameters: {'batch_size': 50, 'drug_hidden': 64, 'protein_hidden': 16, 'dropout': 0.3, 'is_attention': True, 'lr': 0.001, 'epochs': 50}. 
[I 2023-12-29 09:39:12,602] Trial 215 finished with values: [36851.573609375, 39756.004069010414] and parameters: {'batch_size': 100, 'drug_hidden': 32, 'protein_hidden': 64, 'dropout': 0.2, 'is_attention': False, 'lr': 0.0001, 'epochs': 100}. 
[I 2023-12-29 10:04:36,731] Trial 216 finished with values: [38762.02990503368, 41981.339599609375] and parameters: {'batch_size': 150, 'drug_hidden': 64, 'protein_hidden': 64, 'dropout': 0.1, 'is_attention': True, 'lr': 0.0001, 'epochs': 100}. 
[I 2023-12-29 10:28:57,837] Trial 217 finished with values: [36610.43776953125, 40338.270384022886] and parameters: {'batch_size': 50, 'drug_hidden': 32, 'protein_hidden': 16, 'dropout': 0.1, 'is_attention': False, 'lr': 0.001, 'epochs': 100}. 
[I 2023-12-29 10:42:01,381] Trial 218 finished with values: [36306.97527601048, 39678.25675455729] and parameters: {'batch_size': 150, 'drug_hidden': 16, 'protein_hidden': 64, 'dropout': 0.1, 'is_attention': False, 'lr': 0.001, 'epochs': 50}. 
[I 2023-12-29 11:07:51,265] Trial 219 finished with values: [35265.528828125, 39188.92306857639] and parameters: {'batch_size': 100, 'drug_hidden': 64, 'protein_hidden': 64, 'dropout': 0.1, 'is_attention': False, 'lr': 0.001, 'epochs': 100}. 
[I 2023-12-29 11:33:39,008] Trial 220 finished with values: [37752.644086826345, 41872.987548828125] and parameters: {'batch_size': 150, 'drug_hidden': 32, 'protein_hidden': 64, 'dropout': 0.1, 'is_attention': True, 'lr': 0.01, 'epochs': 100}. 
[I 2023-12-29 12:00:07,040] Trial 221 finished with values: [39527.6353515625, 43243.90549045139] and parameters: {'batch_size': 100, 'drug_hidden': 16, 'protein_hidden': 64, 'dropout': 0.1, 'is_attention': True, 'lr': 0.001, 'epochs': 100}. 
[I 2023-12-29 12:25:15,752] Trial 222 finished with values: [37547.5718671875, 41154.772786458336] and parameters: {'batch_size': 100, 'drug_hidden': 16, 'protein_hidden': 32, 'dropout': 0.3, 'is_attention': False, 'lr': 0.0001, 'epochs': 100}. 
[I 2023-12-29 12:38:13,352] Trial 223 finished with values: [36065.2915078125, 39271.95193142361] and parameters: {'batch_size': 100, 'drug_hidden': 32, 'protein_hidden': 16, 'dropout': 0.3, 'is_attention': False, 'lr': 0.01, 'epochs': 50}. 
[I 2023-12-29 13:04:02,085] Trial 224 finished with values: [37206.74312312874, 40138.328287760414] and parameters: {'batch_size': 150, 'drug_hidden': 32, 'protein_hidden': 64, 'dropout': 0.2, 'is_attention': True, 'lr': 0.0001, 'epochs': 100}. 
[I 2023-12-29 13:34:51,169] Trial 225 finished with values: [35832.01841992188, 39574.531580105635] and parameters: {'batch_size': 50, 'drug_hidden': 32, 'protein_hidden': 64, 'dropout': 0.1, 'is_attention': True, 'lr': 0.01, 'epochs': 100}. 
[I 2023-12-29 14:00:55,219] Trial 226 finished with values: [35522.4807265625, 39060.281412760414] and parameters: {'batch_size': 100, 'drug_hidden': 16, 'protein_hidden': 64, 'dropout': 0.1, 'is_attention': False, 'lr': 0.001, 'epochs': 100}. 
[I 2023-12-29 14:21:40,955] Trial 227 finished with values: [37291.0430078125, 40112.04437934028] and parameters: {'batch_size': 100, 'drug_hidden': 64, 'protein_hidden': 16, 'dropout': 0.1, 'is_attention': True, 'lr': 0.01, 'epochs': 100}. 
[I 2023-12-29 14:41:57,991] Trial 228 finished with values: [37383.69227170659, 40436.720377604164] and parameters: {'batch_size': 150, 'drug_hidden': 64, 'protein_hidden': 16, 'dropout': 0.3, 'is_attention': True, 'lr': 0.01, 'epochs': 100}. 
[I 2023-12-29 15:07:43,688] Trial 229 finished with values: [35985.36549167291, 39913.499186197914] and parameters: {'batch_size': 150, 'drug_hidden': 64, 'protein_hidden': 64, 'dropout': 0.1, 'is_attention': False, 'lr': 0.0001, 'epochs': 100}. 
[I 2023-12-29 15:12:26,001] Trial 230 finished with values: [38230.00426880614, 41498.54744466146] and parameters: {'batch_size': 150, 'drug_hidden': 64, 'protein_hidden': 16, 'dropout': 0.3, 'is_attention': False, 'lr': 0.01, 'epochs': 10}. 
[I 2023-12-29 15:33:01,501] Trial 231 finished with values: [36550.10509765625, 39497.837510850695] and parameters: {'batch_size': 100, 'drug_hidden': 32, 'protein_hidden': 16, 'dropout': 0.1, 'is_attention': False, 'lr': 0.001, 'epochs': 100}. 
[I 2023-12-29 15:58:43,508] Trial 232 finished with values: [35659.77369479791, 38968.06453450521] and parameters: {'batch_size': 150, 'drug_hidden': 64, 'protein_hidden': 64, 'dropout': 0.1, 'is_attention': False, 'lr': 0.0001, 'epochs': 100}. 
[I 2023-12-29 16:04:23,670] Trial 233 finished with values: [38250.6188671875, 41385.085774739586] and parameters: {'batch_size': 100, 'drug_hidden': 16, 'protein_hidden': 16, 'dropout': 0.1, 'is_attention': False, 'lr': 0.01, 'epochs': 10}. 
[I 2023-12-29 16:24:49,510] Trial 234 finished with values: [36727.384169161676, 42426.586181640625] and parameters: {'batch_size': 150, 'drug_hidden': 64, 'protein_hidden': 16, 'dropout': 0.2, 'is_attention': False, 'lr': 0.0001, 'epochs': 100}. 
[I 2023-12-29 16:39:35,785] Trial 235 finished with values: [36988.5985625, 39409.35112847222] and parameters: {'batch_size': 100, 'drug_hidden': 16, 'protein_hidden': 64, 'dropout': 0.1, 'is_attention': True, 'lr': 0.001, 'epochs': 50}. 
[I 2023-12-29 17:00:41,267] Trial 236 finished with values: [39424.4512303518, 42710.84716796875] and parameters: {'batch_size': 150, 'drug_hidden': 32, 'protein_hidden': 16, 'dropout': 0.1, 'is_attention': True, 'lr': 0.001, 'epochs': 100}. 
[I 2023-12-29 17:23:01,931] Trial 237 finished with values: [36672.6505234375, 40933.54035541373] and parameters: {'batch_size': 50, 'drug_hidden': 64, 'protein_hidden': 16, 'dropout': 0.1, 'is_attention': False, 'lr': 0.001, 'epochs': 100}. 
[I 2023-12-29 17:51:00,983] Trial 238 finished with values: [38069.0504296875, 40628.79753521127] and parameters: {'batch_size': 50, 'drug_hidden': 64, 'protein_hidden': 64, 'dropout': 0.2, 'is_attention': True, 'lr': 0.001, 'epochs': 100}. 
[I 2023-12-29 18:06:33,735] Trial 239 finished with values: [36553.9726640625, 40162.386555989586] and parameters: {'batch_size': 100, 'drug_hidden': 32, 'protein_hidden': 64, 'dropout': 0.1, 'is_attention': True, 'lr': 0.001, 'epochs': 50}. 
[I 2023-12-29 18:33:58,943] Trial 240 finished with values: [38393.571880859374, 41687.41337477993] and parameters: {'batch_size': 50, 'drug_hidden': 16, 'protein_hidden': 64, 'dropout': 0.1, 'is_attention': False, 'lr': 0.01, 'epochs': 100}. 
[I 2023-12-29 18:59:55,108] Trial 241 finished with values: [36282.7893515625, 39839.116373697914] and parameters: {'batch_size': 100, 'drug_hidden': 64, 'protein_hidden': 64, 'dropout': 0.2, 'is_attention': False, 'lr': 0.001, 'epochs': 100}. 
[I 2023-12-29 19:25:55,835] Trial 242 finished with values: [36060.84389453125, 39358.59932053257] and parameters: {'batch_size': 50, 'drug_hidden': 64, 'protein_hidden': 32, 'dropout': 0.1, 'is_attention': True, 'lr': 0.001, 'epochs': 100}. 
[I 2023-12-29 19:53:06,203] Trial 243 finished with values: [35707.69849363773, 39238.431640625] and parameters: {'batch_size': 150, 'drug_hidden': 64, 'protein_hidden': 64, 'dropout': 0.3, 'is_attention': True, 'lr': 0.001, 'epochs': 100}. 
[I 2023-12-29 20:20:23,660] Trial 244 finished with values: [36000.92690400449, 39545.36905924479] and parameters: {'batch_size': 150, 'drug_hidden': 16, 'protein_hidden': 64, 'dropout': 0.1, 'is_attention': True, 'lr': 0.001, 'epochs': 100}. 
[I 2023-12-29 20:34:21,655] Trial 245 finished with values: [36420.089305763475, 39549.325032552086] and parameters: {'batch_size': 150, 'drug_hidden': 32, 'protein_hidden': 64, 'dropout': 0.3, 'is_attention': False, 'lr': 0.01, 'epochs': 50}. 
[I 2023-12-29 20:39:44,834] Trial 246 finished with values: [38302.051265625, 41405.412706163195] and parameters: {'batch_size': 100, 'drug_hidden': 16, 'protein_hidden': 64, 'dropout': 0.1, 'is_attention': False, 'lr': 0.001, 'epochs': 10}. 
[I 2023-12-29 21:05:52,284] Trial 247 finished with values: [34859.3382265625, 37644.35107421875] and parameters: {'batch_size': 100, 'drug_hidden': 64, 'protein_hidden': 64, 'dropout': 0.1, 'is_attention': True, 'lr': 0.001, 'epochs': 100}. 
[I 2023-12-29 21:30:02,301] Trial 248 finished with values: [36920.7880703125, 40105.19892990757] and parameters: {'batch_size': 50, 'drug_hidden': 64, 'protein_hidden': 32, 'dropout': 0.2, 'is_attention': True, 'lr': 0.0001, 'epochs': 100}. 
[I 2023-12-29 21:55:39,689] Trial 249 finished with values: [35896.21603667665, 40024.854329427086] and parameters: {'batch_size': 150, 'drug_hidden': 64, 'protein_hidden': 64, 'dropout': 0.1, 'is_attention': False, 'lr': 0.0001, 'epochs': 100}. 
[I 2023-12-29 22:22:18,118] Trial 250 finished with values: [37108.261192458835, 44188.357666015625] and parameters: {'batch_size': 150, 'drug_hidden': 32, 'protein_hidden': 64, 'dropout': 0.1, 'is_attention': True, 'lr': 0.0001, 'epochs': 100}. 
[I 2023-12-29 22:42:32,951] Trial 251 finished with values: [35948.05971650449, 39097.89697265625] and parameters: {'batch_size': 150, 'drug_hidden': 64, 'protein_hidden': 16, 'dropout': 0.1, 'is_attention': False, 'lr': 0.001, 'epochs': 100}. 
[I 2023-12-29 23:04:30,976] Trial 252 finished with values: [36826.3798515625, 40648.68484157986] and parameters: {'batch_size': 100, 'drug_hidden': 16, 'protein_hidden': 16, 'dropout': 0.1, 'is_attention': False, 'lr': 0.01, 'epochs': 100}. 
[I 2023-12-29 23:30:53,097] Trial 253 finished with values: [37699.0150078125, 41228.02273220486] and parameters: {'batch_size': 100, 'drug_hidden': 64, 'protein_hidden': 64, 'dropout': 0.3, 'is_attention': False, 'lr': 0.01, 'epochs': 100}. 
[I 2023-12-29 23:58:49,461] Trial 254 finished with values: [35244.39432073353, 38901.602783203125] and parameters: {'batch_size': 150, 'drug_hidden': 32, 'protein_hidden': 64, 'dropout': 0.1, 'is_attention': True, 'lr': 0.01, 'epochs': 100}. 
[I 2023-12-30 00:24:53,312] Trial 255 finished with values: [35830.8544140625, 39030.08642578125] and parameters: {'batch_size': 100, 'drug_hidden': 32, 'protein_hidden': 64, 'dropout': 0.3, 'is_attention': False, 'lr': 0.001, 'epochs': 100}. 
[I 2023-12-30 00:45:03,240] Trial 256 finished with values: [35745.435932821856, 39152.31298828125] and parameters: {'batch_size': 150, 'drug_hidden': 64, 'protein_hidden': 16, 'dropout': 0.2, 'is_attention': False, 'lr': 0.001, 'epochs': 100}. 
[I 2023-12-30 01:12:27,233] Trial 257 finished with values: [35982.1656998503, 39134.86043294271] and parameters: {'batch_size': 150, 'drug_hidden': 64, 'protein_hidden': 64, 'dropout': 0.1, 'is_attention': True, 'lr': 0.01, 'epochs': 100}. 
[I 2023-12-30 01:38:42,528] Trial 258 finished with values: [35677.825859375, 39217.97726779514] and parameters: {'batch_size': 100, 'drug_hidden': 64, 'protein_hidden': 64, 'dropout': 0.3, 'is_attention': True, 'lr': 0.001, 'epochs': 100}. 
[I 2023-12-30 02:00:46,601] Trial 259 finished with values: [37826.09034765625, 41092.628038194445] and parameters: {'batch_size': 100, 'drug_hidden': 64, 'protein_hidden': 16, 'dropout': 0.1, 'is_attention': True, 'lr': 0.001, 'epochs': 100}. 
[I 2023-12-30 02:23:54,875] Trial 260 finished with values: [35181.520640625, 38541.10595703125] and parameters: {'batch_size': 100, 'drug_hidden': 32, 'protein_hidden': 32, 'dropout': 0.1, 'is_attention': False, 'lr': 0.01, 'epochs': 100}. 
[I 2023-12-30 02:46:06,355] Trial 261 finished with values: [36987.04698025823, 40511.6591796875] and parameters: {'batch_size': 150, 'drug_hidden': 64, 'protein_hidden': 16, 'dropout': 0.1, 'is_attention': True, 'lr': 0.01, 'epochs': 100}. 
[I 2023-12-30 03:11:56,805] Trial 262 finished with values: [35826.36928096931, 39288.282958984375] and parameters: {'batch_size': 150, 'drug_hidden': 32, 'protein_hidden': 64, 'dropout': 0.1, 'is_attention': True, 'lr': 0.001, 'epochs': 100}. 
[I 2023-12-30 03:35:28,876] Trial 263 finished with values: [36189.56357597305, 39478.78361002604] and parameters: {'batch_size': 150, 'drug_hidden': 64, 'protein_hidden': 32, 'dropout': 0.1, 'is_attention': False, 'lr': 0.01, 'epochs': 100}. 
[I 2023-12-30 04:03:41,347] Trial 264 finished with values: [35974.98711171407, 39071.08740234375] and parameters: {'batch_size': 150, 'drug_hidden': 64, 'protein_hidden': 64, 'dropout': 0.2, 'is_attention': True, 'lr': 0.01, 'epochs': 100}. 
[I 2023-12-30 04:29:59,887] Trial 265 finished with values: [36053.5214921875, 39264.277235243055] and parameters: {'batch_size': 100, 'drug_hidden': 16, 'protein_hidden': 64, 'dropout': 0.3, 'is_attention': True, 'lr': 0.0001, 'epochs': 100}. 
[I 2023-12-30 04:56:53,863] Trial 266 finished with values: [35538.65599270209, 38901.91251627604] and parameters: {'batch_size': 150, 'drug_hidden': 32, 'protein_hidden': 64, 'dropout': 0.1, 'is_attention': False, 'lr': 0.001, 'epochs': 100}. 
[I 2023-12-30 05:22:59,887] Trial 267 finished with values: [36092.86114099925, 38777.588704427086] and parameters: {'batch_size': 150, 'drug_hidden': 16, 'protein_hidden': 64, 'dropout': 0.3, 'is_attention': True, 'lr': 0.0001, 'epochs': 100}. 
[I 2023-12-30 05:51:35,345] Trial 268 finished with values: [36275.35540625, 38695.466688368055] and parameters: {'batch_size': 100, 'drug_hidden': 64, 'protein_hidden': 64, 'dropout': 0.1, 'is_attention': False, 'lr': 0.01, 'epochs': 100}. 
[I 2023-12-30 06:11:48,397] Trial 269 finished with values: [35758.91969966317, 38999.684244791664] and parameters: {'batch_size': 150, 'drug_hidden': 16, 'protein_hidden': 16, 'dropout': 0.1, 'is_attention': True, 'lr': 0.001, 'epochs': 100}. 
[I 2023-12-30 06:32:41,297] Trial 270 finished with values: [36728.6042890625, 40092.45209418403] and parameters: {'batch_size': 100, 'drug_hidden': 64, 'protein_hidden': 16, 'dropout': 0.1, 'is_attention': True, 'lr': 0.001, 'epochs': 100}. 
[I 2023-12-30 06:55:29,330] Trial 271 finished with values: [36283.9305763473, 39463.73494466146] and parameters: {'batch_size': 150, 'drug_hidden': 64, 'protein_hidden': 16, 'dropout': 0.1, 'is_attention': True, 'lr': 0.01, 'epochs': 100}. 
[I 2023-12-30 07:21:17,184] Trial 272 finished with values: [36996.34778489895, 40352.861165364586] and parameters: {'batch_size': 150, 'drug_hidden': 16, 'protein_hidden': 64, 'dropout': 0.3, 'is_attention': True, 'lr': 0.001, 'epochs': 100}. 
[I 2023-12-30 07:42:43,372] Trial 273 finished with values: [37246.60921126497, 41454.201416015625] and parameters: {'batch_size': 150, 'drug_hidden': 32, 'protein_hidden': 16, 'dropout': 0.1, 'is_attention': False, 'lr': 0.0001, 'epochs': 100}. 
[I 2023-12-30 07:53:25,436] Trial 274 finished with values: [36779.877456025446, 40198.780517578125] and parameters: {'batch_size': 150, 'drug_hidden': 16, 'protein_hidden': 16, 'dropout': 0.3, 'is_attention': False, 'lr': 0.0001, 'epochs': 50}. 
[I 2023-12-30 08:18:56,881] Trial 275 finished with values: [35755.11558523578, 39297.830403645836] and parameters: {'batch_size': 150, 'drug_hidden': 32, 'protein_hidden': 64, 'dropout': 0.1, 'is_attention': True, 'lr': 0.01, 'epochs': 100}. 
[I 2023-12-30 08:43:47,972] Trial 276 finished with values: [35639.826515625, 39213.726453993055] and parameters: {'batch_size': 100, 'drug_hidden': 64, 'protein_hidden': 32, 'dropout': 0.3, 'is_attention': False, 'lr': 0.001, 'epochs': 100}. 
[I 2023-12-30 09:05:42,143] Trial 277 finished with values: [36004.50104088698, 40182.09383138021] and parameters: {'batch_size': 150, 'drug_hidden': 64, 'protein_hidden': 32, 'dropout': 0.2, 'is_attention': True, 'lr': 0.001, 'epochs': 100}. 
[I 2023-12-30 09:32:01,311] Trial 278 finished with values: [35082.99301787051, 38572.41984049479] and parameters: {'batch_size': 150, 'drug_hidden': 32, 'protein_hidden': 64, 'dropout': 0.2, 'is_attention': True, 'lr': 0.0001, 'epochs': 100}. 
[I 2023-12-30 09:58:32,939] Trial 279 finished with values: [36746.13762109375, 40283.88469685299] and parameters: {'batch_size': 50, 'drug_hidden': 64, 'protein_hidden': 32, 'dropout': 0.3, 'is_attention': True, 'lr': 0.0001, 'epochs': 100}. 
[I 2023-12-30 10:24:17,845] Trial 280 finished with values: [36961.08179734281, 40227.312744140625] and parameters: {'batch_size': 150, 'drug_hidden': 64, 'protein_hidden': 64, 'dropout': 0.2, 'is_attention': True, 'lr': 0.001, 'epochs': 100}. 
[I 2023-12-30 10:51:35,302] Trial 281 finished with values: [35768.36515250748, 39132.28116861979] and parameters: {'batch_size': 150, 'drug_hidden': 64, 'protein_hidden': 64, 'dropout': 0.1, 'is_attention': False, 'lr': 0.0001, 'epochs': 100}. 
[I 2023-12-30 11:17:07,344] Trial 282 finished with values: [37523.445031811374, 41048.47420247396] and parameters: {'batch_size': 150, 'drug_hidden': 16, 'protein_hidden': 64, 'dropout': 0.2, 'is_attention': False, 'lr': 0.001, 'epochs': 100}. 
[I 2023-12-30 11:32:32,811] Trial 283 finished with values: [36639.98472586078, 40134.085205078125] and parameters: {'batch_size': 150, 'drug_hidden': 64, 'protein_hidden': 64, 'dropout': 0.1, 'is_attention': False, 'lr': 0.001, 'epochs': 50}. 
[I 2023-12-30 11:58:49,463] Trial 284 finished with values: [35675.6513984375, 38784.982259114586] and parameters: {'batch_size': 100, 'drug_hidden': 16, 'protein_hidden': 64, 'dropout': 0.1, 'is_attention': False, 'lr': 0.001, 'epochs': 100}. 
[I 2023-12-30 12:14:10,121] Trial 285 finished with values: [37037.538912109376, 40482.76153994278] and parameters: {'batch_size': 50, 'drug_hidden': 32, 'protein_hidden': 64, 'dropout': 0.1, 'is_attention': True, 'lr': 0.001, 'epochs': 50}. 
[I 2023-12-30 12:40:43,339] Trial 286 finished with values: [37337.54165625, 41063.712239583336] and parameters: {'batch_size': 100, 'drug_hidden': 32, 'protein_hidden': 16, 'dropout': 0.1, 'is_attention': False, 'lr': 0.01, 'epochs': 100}. 
[I 2023-12-30 13:03:57,413] Trial 287 finished with values: [35733.31828920284, 39281.507080078125] and parameters: {'batch_size': 150, 'drug_hidden': 64, 'protein_hidden': 32, 'dropout': 0.1, 'is_attention': True, 'lr': 0.001, 'epochs': 100}. 
[I 2023-12-30 13:24:49,704] Trial 288 finished with values: [36734.25036255614, 39812.38972981771] and parameters: {'batch_size': 150, 'drug_hidden': 64, 'protein_hidden': 16, 'dropout': 0.3, 'is_attention': False, 'lr': 0.001, 'epochs': 100}. 
[I 2023-12-30 13:51:02,102] Trial 289 finished with values: [36462.97396613024, 40258.36238606771] and parameters: {'batch_size': 150, 'drug_hidden': 16, 'protein_hidden': 64, 'dropout': 0.2, 'is_attention': True, 'lr': 0.0001, 'epochs': 100}. 
slurmstepd: error: *** JOB 78094462 ON aga21 CANCELLED AT 2023-12-30T14:01:24 DUE TO TIME LIMIT ***
