[I 2023-12-26 14:01:23,877] Using an existing study with name 'GATv2Conv' instead of creating a new one.
/home/kuangr/inoue019/.conda/envs/py39/lib/python3.9/site-packages/torch_geometric/deprecation.py:22: UserWarning: 'data.DataLoader' is deprecated, use 'loader.DataLoader' instead
  warnings.warn(out)
[I 2023-12-26 14:12:05,591] Trial 4 finished with values: [38183.85492382813, 42393.16805127641] and parameters: {'batch_size': 50, 'drug_hidden': 32, 'protein_hidden': 64, 'dropout': 0.1, 'is_attention': True, 'lr': 0.001, 'epochs': 10}. 
[I 2023-12-26 14:22:32,272] Trial 5 finished with values: [37062.67347726422, 40299.13582356771] and parameters: {'batch_size': 150, 'drug_hidden': 16, 'protein_hidden': 16, 'dropout': 0.2, 'is_attention': True, 'lr': 0.01, 'epochs': 50}. 
[I 2023-12-26 14:25:35,252] Trial 6 finished with values: [38327.03035546875, 42465.47410046215] and parameters: {'batch_size': 50, 'drug_hidden': 64, 'protein_hidden': 64, 'dropout': 0.3, 'is_attention': True, 'lr': 0.001, 'epochs': 10}. 
[I 2023-12-26 14:37:55,687] Trial 7 finished with values: [39739.419408203124, 43188.070326254405] and parameters: {'batch_size': 50, 'drug_hidden': 64, 'protein_hidden': 32, 'dropout': 0.3, 'is_attention': False, 'lr': 0.001, 'epochs': 50}. 
[I 2023-12-26 14:40:43,406] Trial 8 finished with values: [37830.35528162425, 41204.37158203125] and parameters: {'batch_size': 150, 'drug_hidden': 16, 'protein_hidden': 64, 'dropout': 0.1, 'is_attention': True, 'lr': 0.0001, 'epochs': 10}. 
[I 2023-12-26 15:01:52,220] Trial 9 finished with values: [37090.6561328125, 40217.816786024305] and parameters: {'batch_size': 100, 'drug_hidden': 16, 'protein_hidden': 16, 'dropout': 0.2, 'is_attention': True, 'lr': 0.01, 'epochs': 100}. 
[I 2023-12-26 15:13:22,819] Trial 10 finished with values: [37438.0096171875, 40879.871202256945] and parameters: {'batch_size': 100, 'drug_hidden': 16, 'protein_hidden': 32, 'dropout': 0.3, 'is_attention': False, 'lr': 0.001, 'epochs': 50}. 
[I 2023-12-26 15:34:19,133] Trial 11 finished with values: [36859.83953967066, 39883.83878580729] and parameters: {'batch_size': 150, 'drug_hidden': 64, 'protein_hidden': 16, 'dropout': 0.2, 'is_attention': False, 'lr': 0.01, 'epochs': 100}. 
[I 2023-12-26 15:37:00,120] Trial 12 finished with values: [38401.00596875, 41940.04900693222] and parameters: {'batch_size': 50, 'drug_hidden': 64, 'protein_hidden': 32, 'dropout': 0.3, 'is_attention': False, 'lr': 0.01, 'epochs': 10}. 
[I 2023-12-26 15:39:26,689] Trial 13 finished with values: [37814.767192178144, 41069.610188802086] and parameters: {'batch_size': 150, 'drug_hidden': 16, 'protein_hidden': 32, 'dropout': 0.2, 'is_attention': False, 'lr': 0.0001, 'epochs': 10}. 
[I 2023-12-26 15:42:27,618] Trial 14 finished with values: [39292.853931640624, 42588.86625220071] and parameters: {'batch_size': 50, 'drug_hidden': 64, 'protein_hidden': 64, 'dropout': 0.1, 'is_attention': False, 'lr': 0.0001, 'epochs': 10}. 
[I 2023-12-26 15:44:55,782] Trial 15 finished with values: [38125.106053517964, 41282.162923177086] and parameters: {'batch_size': 150, 'drug_hidden': 32, 'protein_hidden': 32, 'dropout': 0.2, 'is_attention': False, 'lr': 0.001, 'epochs': 10}. 
[I 2023-12-26 15:57:51,298] Trial 16 finished with values: [37441.37335095434, 40687.531087239586] and parameters: {'batch_size': 150, 'drug_hidden': 16, 'protein_hidden': 64, 'dropout': 0.2, 'is_attention': False, 'lr': 0.01, 'epochs': 50}. 
[I 2023-12-26 16:00:38,882] Trial 17 finished with values: [38174.230749438626, 41310.413248697914] and parameters: {'batch_size': 150, 'drug_hidden': 16, 'protein_hidden': 64, 'dropout': 0.2, 'is_attention': False, 'lr': 0.001, 'epochs': 10}. 
[I 2023-12-26 16:28:40,019] Trial 18 finished with values: [37373.55203320312, 41302.89537026849] and parameters: {'batch_size': 50, 'drug_hidden': 32, 'protein_hidden': 64, 'dropout': 0.2, 'is_attention': False, 'lr': 0.0001, 'epochs': 100}. 
[I 2023-12-26 16:39:22,950] Trial 19 finished with values: [40487.2636171875, 43578.37055121528] and parameters: {'batch_size': 100, 'drug_hidden': 64, 'protein_hidden': 16, 'dropout': 0.2, 'is_attention': False, 'lr': 0.001, 'epochs': 50}. 
[I 2023-12-26 16:41:54,948] Trial 20 finished with values: [41043.334666015624, 45304.61476672535] and parameters: {'batch_size': 50, 'drug_hidden': 16, 'protein_hidden': 16, 'dropout': 0.3, 'is_attention': False, 'lr': 0.001, 'epochs': 10}. 
[I 2023-12-26 16:55:50,753] Trial 21 finished with values: [38526.42600390625, 42008.15213743398] and parameters: {'batch_size': 50, 'drug_hidden': 16, 'protein_hidden': 16, 'dropout': 0.3, 'is_attention': True, 'lr': 0.001, 'epochs': 50}. 
[I 2023-12-26 17:24:46,899] Trial 22 finished with values: [36981.3233671875, 40476.28840228873] and parameters: {'batch_size': 50, 'drug_hidden': 32, 'protein_hidden': 64, 'dropout': 0.1, 'is_attention': False, 'lr': 0.01, 'epochs': 100}. 
[I 2023-12-26 17:46:15,928] Trial 23 finished with values: [37930.2136875, 40879.18109809028] and parameters: {'batch_size': 100, 'drug_hidden': 16, 'protein_hidden': 16, 'dropout': 0.3, 'is_attention': True, 'lr': 0.001, 'epochs': 100}. 
[I 2023-12-26 17:49:08,709] Trial 24 finished with values: [39099.3682421875, 42062.351182725695] and parameters: {'batch_size': 100, 'drug_hidden': 16, 'protein_hidden': 64, 'dropout': 0.3, 'is_attention': False, 'lr': 0.0001, 'epochs': 10}. 
[I 2023-12-26 18:01:41,364] Trial 25 finished with values: [38373.665421875, 41708.8144806338] and parameters: {'batch_size': 50, 'drug_hidden': 32, 'protein_hidden': 32, 'dropout': 0.1, 'is_attention': True, 'lr': 0.001, 'epochs': 50}. 
[I 2023-12-26 18:29:55,794] Trial 26 finished with values: [39696.746671875, 43448.54481183979] and parameters: {'batch_size': 50, 'drug_hidden': 16, 'protein_hidden': 64, 'dropout': 0.1, 'is_attention': True, 'lr': 0.01, 'epochs': 100}. 
[I 2023-12-26 18:32:18,940] Trial 27 finished with values: [38326.260921875, 41581.15972222222] and parameters: {'batch_size': 100, 'drug_hidden': 32, 'protein_hidden': 16, 'dropout': 0.3, 'is_attention': False, 'lr': 0.0001, 'epochs': 10}. 
[I 2023-12-26 18:58:27,588] Trial 28 finished with values: [37460.7801953125, 40596.9404296875] and parameters: {'batch_size': 100, 'drug_hidden': 32, 'protein_hidden': 64, 'dropout': 0.1, 'is_attention': False, 'lr': 0.001, 'epochs': 100}. 
[I 2023-12-26 19:00:58,421] Trial 29 finished with values: [37379.06800851422, 40378.681315104164] and parameters: {'batch_size': 150, 'drug_hidden': 32, 'protein_hidden': 32, 'dropout': 0.1, 'is_attention': False, 'lr': 0.001, 'epochs': 10}. 
[I 2023-12-26 19:03:48,367] Trial 30 finished with values: [38547.28929640719, 41330.006998697914] and parameters: {'batch_size': 150, 'drug_hidden': 64, 'protein_hidden': 64, 'dropout': 0.2, 'is_attention': False, 'lr': 0.0001, 'epochs': 10}. 
[I 2023-12-26 19:26:37,253] Trial 31 finished with values: [36826.59754296875, 40119.38286675347] and parameters: {'batch_size': 100, 'drug_hidden': 32, 'protein_hidden': 32, 'dropout': 0.2, 'is_attention': False, 'lr': 0.01, 'epochs': 100}. 
[I 2023-12-26 19:31:16,458] Trial 32 finished with values: [38501.885327002245, 42036.201904296875] and parameters: {'batch_size': 150, 'drug_hidden': 16, 'protein_hidden': 64, 'dropout': 0.2, 'is_attention': False, 'lr': 0.0001, 'epochs': 10}. 
[I 2023-12-26 19:34:21,532] Trial 33 finished with values: [40361.6317265625, 43042.881505831865] and parameters: {'batch_size': 50, 'drug_hidden': 64, 'protein_hidden': 64, 'dropout': 0.2, 'is_attention': True, 'lr': 0.0001, 'epochs': 10}. 
[I 2023-12-26 19:45:58,524] Trial 34 finished with values: [39557.852515625, 43028.840440538195] and parameters: {'batch_size': 100, 'drug_hidden': 64, 'protein_hidden': 32, 'dropout': 0.3, 'is_attention': False, 'lr': 0.0001, 'epochs': 50}. 
[I 2023-12-26 19:53:07,088] Trial 35 finished with values: [39257.288770116014, 42770.829345703125] and parameters: {'batch_size': 150, 'drug_hidden': 32, 'protein_hidden': 64, 'dropout': 0.2, 'is_attention': False, 'lr': 0.001, 'epochs': 10}. 
[I 2023-12-26 19:55:27,908] Trial 36 finished with values: [38870.890344311374, 42159.26131184896] and parameters: {'batch_size': 150, 'drug_hidden': 16, 'protein_hidden': 16, 'dropout': 0.1, 'is_attention': True, 'lr': 0.01, 'epochs': 10}. 
[I 2023-12-26 19:58:22,425] Trial 37 finished with values: [38991.801921875, 42485.792154947914] and parameters: {'batch_size': 100, 'drug_hidden': 16, 'protein_hidden': 64, 'dropout': 0.2, 'is_attention': True, 'lr': 0.01, 'epochs': 10}. 
[I 2023-12-26 20:19:08,874] Trial 38 finished with values: [37187.47790746632, 40394.80419921875] and parameters: {'batch_size': 150, 'drug_hidden': 64, 'protein_hidden': 16, 'dropout': 0.2, 'is_attention': True, 'lr': 0.01, 'epochs': 100}. 
[I 2023-12-26 20:32:21,490] Trial 39 finished with values: [37909.2651015625, 41032.77294921875] and parameters: {'batch_size': 100, 'drug_hidden': 32, 'protein_hidden': 64, 'dropout': 0.2, 'is_attention': False, 'lr': 0.01, 'epochs': 50}. 
[I 2023-12-26 20:46:33,022] Trial 40 finished with values: [37465.289953125, 41091.782281580105] and parameters: {'batch_size': 50, 'drug_hidden': 32, 'protein_hidden': 64, 'dropout': 0.3, 'is_attention': False, 'lr': 0.01, 'epochs': 50}. 
[I 2023-12-26 20:49:24,690] Trial 41 finished with values: [38338.01472445734, 41735.656494140625] and parameters: {'batch_size': 150, 'drug_hidden': 32, 'protein_hidden': 64, 'dropout': 0.2, 'is_attention': True, 'lr': 0.01, 'epochs': 10}. 
[I 2023-12-26 21:00:59,614] Trial 42 finished with values: [37471.25336132813, 40753.88433923855] and parameters: {'batch_size': 50, 'drug_hidden': 32, 'protein_hidden': 16, 'dropout': 0.2, 'is_attention': False, 'lr': 0.01, 'epochs': 50}. 
[I 2023-12-26 21:22:21,309] Trial 43 finished with values: [38187.4715234375, 41509.47564019097] and parameters: {'batch_size': 100, 'drug_hidden': 32, 'protein_hidden': 16, 'dropout': 0.3, 'is_attention': True, 'lr': 0.001, 'epochs': 100}. 
[I 2023-12-26 21:33:59,967] Trial 44 finished with values: [38350.329984375, 41860.935655381945] and parameters: {'batch_size': 100, 'drug_hidden': 32, 'protein_hidden': 32, 'dropout': 0.3, 'is_attention': True, 'lr': 0.01, 'epochs': 50}. 
[I 2023-12-26 21:54:39,101] Trial 45 finished with values: [37699.81379818488, 40937.350830078125] and parameters: {'batch_size': 150, 'drug_hidden': 32, 'protein_hidden': 16, 'dropout': 0.2, 'is_attention': False, 'lr': 0.001, 'epochs': 100}. 
[I 2023-12-26 22:20:22,418] Trial 46 finished with values: [37050.61253274701, 40250.773274739586] and parameters: {'batch_size': 150, 'drug_hidden': 16, 'protein_hidden': 64, 'dropout': 0.1, 'is_attention': True, 'lr': 0.001, 'epochs': 100}. 
[I 2023-12-26 22:24:35,789] Trial 47 finished with values: [38464.69414296407, 42038.48624674479] and parameters: {'batch_size': 150, 'drug_hidden': 64, 'protein_hidden': 16, 'dropout': 0.1, 'is_attention': True, 'lr': 0.001, 'epochs': 10}. 
[I 2023-12-26 22:26:57,278] Trial 48 finished with values: [38967.9501075973, 41959.12784830729] and parameters: {'batch_size': 150, 'drug_hidden': 64, 'protein_hidden': 16, 'dropout': 0.2, 'is_attention': True, 'lr': 0.0001, 'epochs': 10}. 
[I 2023-12-26 22:29:40,239] Trial 49 finished with values: [38693.4524453125, 41691.47515190972] and parameters: {'batch_size': 100, 'drug_hidden': 32, 'protein_hidden': 16, 'dropout': 0.3, 'is_attention': True, 'lr': 0.001, 'epochs': 10}. 
[I 2023-12-26 22:59:09,404] Trial 50 finished with values: [40026.0489453125, 42983.79616970486] and parameters: {'batch_size': 100, 'drug_hidden': 64, 'protein_hidden': 64, 'dropout': 0.2, 'is_attention': True, 'lr': 0.01, 'epochs': 100}. 
[I 2023-12-26 23:12:12,136] Trial 51 finished with values: [37293.68002666542, 40564.019856770836] and parameters: {'batch_size': 150, 'drug_hidden': 64, 'protein_hidden': 64, 'dropout': 0.3, 'is_attention': False, 'lr': 0.001, 'epochs': 50}. 
[I 2023-12-26 23:37:49,146] Trial 52 finished with values: [37470.8857714259, 40817.98429361979] and parameters: {'batch_size': 150, 'drug_hidden': 16, 'protein_hidden': 64, 'dropout': 0.1, 'is_attention': False, 'lr': 0.0001, 'epochs': 100}. 
[I 2023-12-26 23:49:25,816] Trial 53 finished with values: [37767.587328125, 40901.749620225695] and parameters: {'batch_size': 100, 'drug_hidden': 16, 'protein_hidden': 32, 'dropout': 0.1, 'is_attention': False, 'lr': 0.001, 'epochs': 50}. 
[I 2023-12-26 23:51:46,367] Trial 54 finished with values: [38114.01375374252, 41319.89404296875] and parameters: {'batch_size': 150, 'drug_hidden': 32, 'protein_hidden': 16, 'dropout': 0.2, 'is_attention': False, 'lr': 0.0001, 'epochs': 10}. 
[I 2023-12-26 23:54:40,904] Trial 55 finished with values: [40287.905703125, 45136.300944010414] and parameters: {'batch_size': 100, 'drug_hidden': 16, 'protein_hidden': 64, 'dropout': 0.3, 'is_attention': True, 'lr': 0.01, 'epochs': 10}. 
[I 2023-12-27 00:22:46,837] Trial 56 finished with values: [38021.84728125, 41744.23726342429] and parameters: {'batch_size': 50, 'drug_hidden': 32, 'protein_hidden': 64, 'dropout': 0.1, 'is_attention': False, 'lr': 0.0001, 'epochs': 100}. 
[I 2023-12-27 00:25:37,659] Trial 57 finished with values: [41472.034746912424, 45273.724365234375] and parameters: {'batch_size': 150, 'drug_hidden': 16, 'protein_hidden': 64, 'dropout': 0.2, 'is_attention': False, 'lr': 0.01, 'epochs': 10}. 
[I 2023-12-27 00:28:32,147] Trial 58 finished with values: [41498.9991953125, 44871.10698784722] and parameters: {'batch_size': 100, 'drug_hidden': 64, 'protein_hidden': 64, 'dropout': 0.3, 'is_attention': True, 'lr': 0.001, 'epochs': 10}. 
[I 2023-12-27 00:39:57,398] Trial 59 finished with values: [37873.85820546407, 41573.41398111979] and parameters: {'batch_size': 150, 'drug_hidden': 16, 'protein_hidden': 32, 'dropout': 0.2, 'is_attention': False, 'lr': 0.01, 'epochs': 50}. 
[I 2023-12-27 01:01:17,153] Trial 60 finished with values: [37211.968203125, 40337.11111111111] and parameters: {'batch_size': 100, 'drug_hidden': 32, 'protein_hidden': 16, 'dropout': 0.1, 'is_attention': True, 'lr': 0.001, 'epochs': 100}. 
[I 2023-12-27 01:27:57,062] Trial 61 finished with values: [39121.9750078125, 42616.274088541664] and parameters: {'batch_size': 100, 'drug_hidden': 16, 'protein_hidden': 64, 'dropout': 0.1, 'is_attention': True, 'lr': 0.001, 'epochs': 100}. 
[I 2023-12-27 01:34:17,973] Trial 62 finished with values: [39329.58224414063, 42887.754346390844] and parameters: {'batch_size': 50, 'drug_hidden': 32, 'protein_hidden': 64, 'dropout': 0.1, 'is_attention': False, 'lr': 0.0001, 'epochs': 10}. 
[I 2023-12-27 01:55:39,906] Trial 63 finished with values: [37213.755414951345, 41635.8583984375] and parameters: {'batch_size': 150, 'drug_hidden': 64, 'protein_hidden': 16, 'dropout': 0.2, 'is_attention': False, 'lr': 0.01, 'epochs': 100}. 
[I 2023-12-27 02:22:02,971] Trial 64 finished with values: [37231.2811328125, 40129.99001736111] and parameters: {'batch_size': 100, 'drug_hidden': 32, 'protein_hidden': 64, 'dropout': 0.2, 'is_attention': False, 'lr': 0.001, 'epochs': 100}. 
[I 2023-12-27 02:24:57,307] Trial 65 finished with values: [38098.137420471554, 41376.319010416664] and parameters: {'batch_size': 150, 'drug_hidden': 64, 'protein_hidden': 64, 'dropout': 0.2, 'is_attention': True, 'lr': 0.001, 'epochs': 10}. 
[I 2023-12-27 02:51:04,587] Trial 66 finished with values: [38387.405536583086, 42122.812744140625] and parameters: {'batch_size': 150, 'drug_hidden': 16, 'protein_hidden': 64, 'dropout': 0.1, 'is_attention': True, 'lr': 0.001, 'epochs': 100}. 
[I 2023-12-27 03:04:28,430] Trial 67 finished with values: [37631.67778125, 40833.104329427086] and parameters: {'batch_size': 100, 'drug_hidden': 16, 'protein_hidden': 64, 'dropout': 0.1, 'is_attention': True, 'lr': 0.001, 'epochs': 50}. 
[I 2023-12-27 03:07:19,545] Trial 68 finished with values: [37775.03447791916, 41056.27978515625] and parameters: {'batch_size': 150, 'drug_hidden': 16, 'protein_hidden': 64, 'dropout': 0.2, 'is_attention': False, 'lr': 0.0001, 'epochs': 10}. 
[I 2023-12-27 03:28:21,298] Trial 69 finished with values: [38367.06644133608, 41805.0869140625] and parameters: {'batch_size': 150, 'drug_hidden': 32, 'protein_hidden': 16, 'dropout': 0.1, 'is_attention': False, 'lr': 0.0001, 'epochs': 100}. 
[I 2023-12-27 03:49:14,746] Trial 70 finished with values: [43887.9902928518, 47895.249837239586] and parameters: {'batch_size': 150, 'drug_hidden': 32, 'protein_hidden': 16, 'dropout': 0.1, 'is_attention': True, 'lr': 0.001, 'epochs': 100}. 
[I 2023-12-27 04:01:07,222] Trial 71 finished with values: [37074.000549681885, 40230.93562825521] and parameters: {'batch_size': 150, 'drug_hidden': 64, 'protein_hidden': 32, 'dropout': 0.2, 'is_attention': True, 'lr': 0.01, 'epochs': 50}. 
[I 2023-12-27 04:13:47,000] Trial 72 finished with values: [38288.13903515625, 41209.326777068665] and parameters: {'batch_size': 50, 'drug_hidden': 16, 'protein_hidden': 32, 'dropout': 0.2, 'is_attention': True, 'lr': 0.001, 'epochs': 50}. 
[I 2023-12-27 04:21:20,113] Trial 73 finished with values: [39346.46277367141, 43185.15576171875] and parameters: {'batch_size': 150, 'drug_hidden': 32, 'protein_hidden': 16, 'dropout': 0.3, 'is_attention': True, 'lr': 0.01, 'epochs': 10}. 
[I 2023-12-27 04:49:38,933] Trial 74 finished with values: [38790.44756640625, 42861.99836322623] and parameters: {'batch_size': 50, 'drug_hidden': 32, 'protein_hidden': 64, 'dropout': 0.1, 'is_attention': False, 'lr': 0.001, 'epochs': 100}. 
[I 2023-12-27 05:03:09,667] Trial 75 finished with values: [40263.033125, 43417.24093967014] and parameters: {'batch_size': 100, 'drug_hidden': 16, 'protein_hidden': 64, 'dropout': 0.2, 'is_attention': False, 'lr': 0.01, 'epochs': 50}. 
[I 2023-12-27 05:05:34,312] Trial 76 finished with values: [40844.243438903446, 44591.455078125] and parameters: {'batch_size': 150, 'drug_hidden': 32, 'protein_hidden': 16, 'dropout': 0.2, 'is_attention': True, 'lr': 0.001, 'epochs': 10}. 
[I 2023-12-27 05:18:09,183] Trial 77 finished with values: [43233.30886132812, 47040.18406139965] and parameters: {'batch_size': 50, 'drug_hidden': 16, 'protein_hidden': 32, 'dropout': 0.1, 'is_attention': False, 'lr': 0.001, 'epochs': 50}. 
[I 2023-12-27 05:31:15,635] Trial 78 finished with values: [37350.2913898765, 41516.83927408854] and parameters: {'batch_size': 150, 'drug_hidden': 16, 'protein_hidden': 64, 'dropout': 0.2, 'is_attention': False, 'lr': 0.0001, 'epochs': 50}. 
[I 2023-12-27 05:53:53,761] Trial 79 finished with values: [37139.14657793788, 40358.0302734375] and parameters: {'batch_size': 150, 'drug_hidden': 64, 'protein_hidden': 32, 'dropout': 0.2, 'is_attention': False, 'lr': 0.01, 'epochs': 100}. 
[I 2023-12-27 06:08:14,190] Trial 80 finished with values: [42659.32009375, 47052.43195697623] and parameters: {'batch_size': 50, 'drug_hidden': 32, 'protein_hidden': 64, 'dropout': 0.3, 'is_attention': False, 'lr': 0.01, 'epochs': 50}. 
[I 2023-12-27 06:31:42,723] Trial 81 finished with values: [37752.7718203125, 40687.352864583336] and parameters: {'batch_size': 100, 'drug_hidden': 32, 'protein_hidden': 32, 'dropout': 0.2, 'is_attention': True, 'lr': 0.01, 'epochs': 100}. 
[I 2023-12-27 06:44:21,792] Trial 82 finished with values: [38348.58146875, 41607.46216164173] and parameters: {'batch_size': 50, 'drug_hidden': 32, 'protein_hidden': 32, 'dropout': 0.2, 'is_attention': False, 'lr': 0.0001, 'epochs': 50}. 
[I 2023-12-27 06:47:16,425] Trial 83 finished with values: [38684.66430810255, 41593.591471354164] and parameters: {'batch_size': 150, 'drug_hidden': 32, 'protein_hidden': 64, 'dropout': 0.3, 'is_attention': False, 'lr': 0.01, 'epochs': 10}. 
[I 2023-12-27 06:50:08,531] Trial 84 finished with values: [37595.80671079716, 40722.406005859375] and parameters: {'batch_size': 150, 'drug_hidden': 64, 'protein_hidden': 64, 'dropout': 0.3, 'is_attention': False, 'lr': 0.001, 'epochs': 10}. 
[I 2023-12-27 06:52:31,731] Trial 85 finished with values: [38779.18859936377, 42292.317057291664] and parameters: {'batch_size': 150, 'drug_hidden': 64, 'protein_hidden': 16, 'dropout': 0.2, 'is_attention': True, 'lr': 0.01, 'epochs': 10}. 
[I 2023-12-27 07:19:05,290] Trial 86 finished with values: [37209.7795, 40415.13552517361] and parameters: {'batch_size': 100, 'drug_hidden': 32, 'protein_hidden': 64, 'dropout': 0.2, 'is_attention': False, 'lr': 0.01, 'epochs': 100}. 
[I 2023-12-27 07:37:07,955] Trial 87 finished with values: [37255.6579140625, 40535.052571614586] and parameters: {'batch_size': 100, 'drug_hidden': 64, 'protein_hidden': 64, 'dropout': 0.2, 'is_attention': False, 'lr': 0.01, 'epochs': 50}. 
[I 2023-12-27 08:03:37,211] Trial 88 finished with values: [38092.3187578125, 41460.752821180555] and parameters: {'batch_size': 100, 'drug_hidden': 64, 'protein_hidden': 64, 'dropout': 0.3, 'is_attention': False, 'lr': 0.0001, 'epochs': 100}. 
[I 2023-12-27 08:06:45,144] Trial 89 finished with values: [39170.64161328125, 42561.44883362676] and parameters: {'batch_size': 50, 'drug_hidden': 32, 'protein_hidden': 64, 'dropout': 0.1, 'is_attention': False, 'lr': 0.0001, 'epochs': 10}. 
[I 2023-12-27 08:18:31,224] Trial 90 finished with values: [39250.1300390625, 42953.52389139525] and parameters: {'batch_size': 50, 'drug_hidden': 16, 'protein_hidden': 16, 'dropout': 0.1, 'is_attention': False, 'lr': 0.01, 'epochs': 50}. 
[I 2023-12-27 08:44:48,190] Trial 91 finished with values: [37481.01256081587, 40851.133951822914] and parameters: {'batch_size': 150, 'drug_hidden': 16, 'protein_hidden': 64, 'dropout': 0.3, 'is_attention': True, 'lr': 0.0001, 'epochs': 100}. 
[I 2023-12-27 08:55:27,866] Trial 92 finished with values: [37771.09587855539, 41608.649739583336] and parameters: {'batch_size': 150, 'drug_hidden': 16, 'protein_hidden': 16, 'dropout': 0.2, 'is_attention': True, 'lr': 0.001, 'epochs': 50}. 
[I 2023-12-27 09:09:47,804] Trial 93 finished with values: [38032.441341796875, 40938.505006602114] and parameters: {'batch_size': 50, 'drug_hidden': 16, 'protein_hidden': 64, 'dropout': 0.3, 'is_attention': False, 'lr': 0.01, 'epochs': 50}. 
[I 2023-12-27 09:12:24,226] Trial 94 finished with values: [37950.340125, 41894.15834066901] and parameters: {'batch_size': 50, 'drug_hidden': 32, 'protein_hidden': 16, 'dropout': 0.3, 'is_attention': False, 'lr': 0.0001, 'epochs': 10}. 
[I 2023-12-27 09:34:36,741] Trial 95 finished with values: [37507.87816796875, 40835.14360894097] and parameters: {'batch_size': 100, 'drug_hidden': 64, 'protein_hidden': 16, 'dropout': 0.2, 'is_attention': True, 'lr': 0.01, 'epochs': 100}. 
[I 2023-12-27 09:46:22,185] Trial 96 finished with values: [37244.36803125, 40556.516221788195] and parameters: {'batch_size': 100, 'drug_hidden': 32, 'protein_hidden': 32, 'dropout': 0.1, 'is_attention': True, 'lr': 0.0001, 'epochs': 50}. 
[I 2023-12-27 10:12:43,514] Trial 97 finished with values: [41868.7197109375, 45901.127061631945] and parameters: {'batch_size': 100, 'drug_hidden': 32, 'protein_hidden': 64, 'dropout': 0.1, 'is_attention': False, 'lr': 0.01, 'epochs': 100}. 
[I 2023-12-27 10:38:02,730] Trial 98 finished with values: [38503.20104296875, 41490.25122414173] and parameters: {'batch_size': 50, 'drug_hidden': 16, 'protein_hidden': 16, 'dropout': 0.3, 'is_attention': False, 'lr': 0.001, 'epochs': 100}. 
[I 2023-12-27 10:49:48,933] Trial 99 finished with values: [38387.3451171875, 41777.545518663195] and parameters: {'batch_size': 100, 'drug_hidden': 64, 'protein_hidden': 32, 'dropout': 0.1, 'is_attention': True, 'lr': 0.01, 'epochs': 50}. 
[I 2023-12-27 10:52:42,608] Trial 100 finished with values: [37799.76823306512, 41114.913411458336] and parameters: {'batch_size': 150, 'drug_hidden': 16, 'protein_hidden': 64, 'dropout': 0.1, 'is_attention': True, 'lr': 0.0001, 'epochs': 10}. 
[I 2023-12-27 10:55:05,083] Trial 101 finished with values: [39036.59742234281, 42302.884521484375] and parameters: {'batch_size': 150, 'drug_hidden': 64, 'protein_hidden': 16, 'dropout': 0.2, 'is_attention': False, 'lr': 0.0001, 'epochs': 10}. 
[I 2023-12-27 11:16:34,154] Trial 102 finished with values: [37426.61318359375, 40262.24896918403] and parameters: {'batch_size': 100, 'drug_hidden': 32, 'protein_hidden': 16, 'dropout': 0.1, 'is_attention': True, 'lr': 0.001, 'epochs': 100}. 
[I 2023-12-27 11:44:52,818] Trial 103 finished with values: [42257.967123046874, 46159.59297975352] and parameters: {'batch_size': 50, 'drug_hidden': 32, 'protein_hidden': 64, 'dropout': 0.3, 'is_attention': False, 'lr': 0.01, 'epochs': 100}. 
[I 2023-12-27 11:47:46,169] Trial 104 finished with values: [38292.65835516467, 42269.541341145836] and parameters: {'batch_size': 150, 'drug_hidden': 16, 'protein_hidden': 64, 'dropout': 0.3, 'is_attention': False, 'lr': 0.001, 'epochs': 10}. 
[I 2023-12-27 12:14:22,525] Trial 105 finished with values: [37374.30303125, 40421.939290364586] and parameters: {'batch_size': 100, 'drug_hidden': 16, 'protein_hidden': 64, 'dropout': 0.2, 'is_attention': True, 'lr': 0.001, 'epochs': 100}. 
[I 2023-12-27 12:17:17,859] Trial 106 finished with values: [38735.96001356662, 41855.1298828125] and parameters: {'batch_size': 150, 'drug_hidden': 32, 'protein_hidden': 32, 'dropout': 0.2, 'is_attention': False, 'lr': 0.001, 'epochs': 10}. 
[I 2023-12-27 12:45:47,530] Trial 107 finished with values: [39652.29615429688, 42957.96298690581] and parameters: {'batch_size': 50, 'drug_hidden': 64, 'protein_hidden': 64, 'dropout': 0.1, 'is_attention': True, 'lr': 0.0001, 'epochs': 100}. 
[I 2023-12-27 13:14:05,762] Trial 108 finished with values: [37984.587140625, 40896.20626100352] and parameters: {'batch_size': 50, 'drug_hidden': 32, 'protein_hidden': 64, 'dropout': 0.1, 'is_attention': False, 'lr': 0.01, 'epochs': 100}. 
[I 2023-12-27 13:28:22,192] Trial 109 finished with values: [37010.046734375, 40459.940755208336] and parameters: {'batch_size': 100, 'drug_hidden': 64, 'protein_hidden': 32, 'dropout': 0.2, 'is_attention': True, 'lr': 0.01, 'epochs': 50}. 
[I 2023-12-27 13:56:53,195] Trial 110 finished with values: [38596.22425195313, 42067.22356404049] and parameters: {'batch_size': 50, 'drug_hidden': 16, 'protein_hidden': 64, 'dropout': 0.1, 'is_attention': True, 'lr': 0.001, 'epochs': 100}. 
[I 2023-12-27 14:07:41,699] Trial 111 finished with values: [39248.243742982784, 41868.265462239586] and parameters: {'batch_size': 150, 'drug_hidden': 32, 'protein_hidden': 16, 'dropout': 0.3, 'is_attention': True, 'lr': 0.001, 'epochs': 50}. 
[I 2023-12-27 14:19:11,817] Trial 112 finished with values: [37251.64848428144, 40469.909342447914] and parameters: {'batch_size': 150, 'drug_hidden': 64, 'protein_hidden': 32, 'dropout': 0.2, 'is_attention': True, 'lr': 0.01, 'epochs': 50}. 
[I 2023-12-27 14:30:08,063] Trial 113 finished with values: [37536.338875, 40727.06488715278] and parameters: {'batch_size': 100, 'drug_hidden': 64, 'protein_hidden': 16, 'dropout': 0.2, 'is_attention': True, 'lr': 0.01, 'epochs': 50}. 
[I 2023-12-27 14:40:48,528] Trial 114 finished with values: [37886.5780665232, 41320.10359700521] and parameters: {'batch_size': 150, 'drug_hidden': 16, 'protein_hidden': 16, 'dropout': 0.3, 'is_attention': False, 'lr': 0.01, 'epochs': 50}. 
[I 2023-12-27 15:01:43,235] Trial 115 finished with values: [37868.31158776198, 41312.833984375] and parameters: {'batch_size': 150, 'drug_hidden': 16, 'protein_hidden': 16, 'dropout': 0.2, 'is_attention': False, 'lr': 0.01, 'epochs': 100}. 
[I 2023-12-27 15:05:06,692] Trial 116 finished with values: [38093.8962421875, 41426.624186197914] and parameters: {'batch_size': 100, 'drug_hidden': 64, 'protein_hidden': 64, 'dropout': 0.1, 'is_attention': False, 'lr': 0.001, 'epochs': 10}. 
[I 2023-12-27 15:15:46,543] Trial 117 finished with values: [44142.08879116766, 47713.547526041664] and parameters: {'batch_size': 150, 'drug_hidden': 32, 'protein_hidden': 16, 'dropout': 0.2, 'is_attention': True, 'lr': 0.01, 'epochs': 50}. 
[I 2023-12-27 15:36:41,755] Trial 118 finished with values: [38434.981965755986, 42710.44571940104] and parameters: {'batch_size': 150, 'drug_hidden': 64, 'protein_hidden': 16, 'dropout': 0.2, 'is_attention': False, 'lr': 0.0001, 'epochs': 100}. 
[I 2023-12-27 15:39:04,705] Trial 119 finished with values: [38637.628496912424, 41645.5166015625] and parameters: {'batch_size': 150, 'drug_hidden': 16, 'protein_hidden': 16, 'dropout': 0.3, 'is_attention': True, 'lr': 0.001, 'epochs': 10}. 
[I 2023-12-27 15:52:32,748] Trial 120 finished with values: [38172.1141640625, 41420.666341145836] and parameters: {'batch_size': 100, 'drug_hidden': 16, 'protein_hidden': 64, 'dropout': 0.2, 'is_attention': True, 'lr': 0.001, 'epochs': 50}. 
[I 2023-12-27 16:14:04,764] Trial 121 finished with values: [38992.690703125, 42496.105088975695] and parameters: {'batch_size': 100, 'drug_hidden': 32, 'protein_hidden': 16, 'dropout': 0.3, 'is_attention': False, 'lr': 0.0001, 'epochs': 100}. 
[I 2023-12-27 16:41:27,295] Trial 122 finished with values: [38761.781951721554, 42641.108235677086] and parameters: {'batch_size': 150, 'drug_hidden': 16, 'protein_hidden': 16, 'dropout': 0.2, 'is_attention': False, 'lr': 0.01, 'epochs': 100}. 
[I 2023-12-27 17:09:49,331] Trial 123 finished with values: [41178.10830273438, 44929.38329390405] and parameters: {'batch_size': 50, 'drug_hidden': 32, 'protein_hidden': 64, 'dropout': 0.3, 'is_attention': False, 'lr': 0.001, 'epochs': 100}. 
[I 2023-12-27 17:12:23,857] Trial 124 finished with values: [40558.2493515625, 44449.134657118055] and parameters: {'batch_size': 100, 'drug_hidden': 32, 'protein_hidden': 32, 'dropout': 0.2, 'is_attention': False, 'lr': 0.001, 'epochs': 10}. 
[I 2023-12-27 17:14:49,482] Trial 125 finished with values: [41612.4217578125, 45749.163899739586] and parameters: {'batch_size': 100, 'drug_hidden': 16, 'protein_hidden': 16, 'dropout': 0.2, 'is_attention': True, 'lr': 0.001, 'epochs': 10}. 
[I 2023-12-27 17:36:10,679] Trial 126 finished with values: [36950.8944140625, 39819.49679904514] and parameters: {'batch_size': 100, 'drug_hidden': 32, 'protein_hidden': 16, 'dropout': 0.1, 'is_attention': False, 'lr': 0.01, 'epochs': 100}. 
[I 2023-12-27 17:39:16,620] Trial 127 finished with values: [40378.04796484375, 44033.263836927814] and parameters: {'batch_size': 50, 'drug_hidden': 32, 'protein_hidden': 64, 'dropout': 0.1, 'is_attention': False, 'lr': 0.01, 'epochs': 10}. 
[I 2023-12-27 18:05:07,107] Trial 128 finished with values: [37296.126684131734, 40788.16023763021] and parameters: {'batch_size': 150, 'drug_hidden': 64, 'protein_hidden': 64, 'dropout': 0.1, 'is_attention': False, 'lr': 0.01, 'epochs': 100}. 
[I 2023-12-27 18:26:51,831] Trial 129 finished with values: [36744.49117000374, 40029.38240559896] and parameters: {'batch_size': 150, 'drug_hidden': 16, 'protein_hidden': 16, 'dropout': 0.2, 'is_attention': False, 'lr': 0.01, 'epochs': 100}. 
[I 2023-12-27 18:48:48,080] Trial 130 finished with values: [37881.303609375, 40851.86083984375] and parameters: {'batch_size': 100, 'drug_hidden': 32, 'protein_hidden': 16, 'dropout': 0.1, 'is_attention': True, 'lr': 0.01, 'epochs': 100}. 
[I 2023-12-27 19:02:26,590] Trial 131 finished with values: [37410.6130390625, 40391.49734157986] and parameters: {'batch_size': 100, 'drug_hidden': 32, 'protein_hidden': 64, 'dropout': 0.2, 'is_attention': False, 'lr': 0.01, 'epochs': 50}. 
[I 2023-12-27 19:21:41,725] Trial 132 finished with values: [37585.376859375, 40759.18527178697] and parameters: {'batch_size': 50, 'drug_hidden': 16, 'protein_hidden': 32, 'dropout': 0.2, 'is_attention': True, 'lr': 0.001, 'epochs': 50}. 
[I 2023-12-27 19:33:41,785] Trial 133 finished with values: [37226.3552421875, 40094.967393663195] and parameters: {'batch_size': 100, 'drug_hidden': 32, 'protein_hidden': 32, 'dropout': 0.1, 'is_attention': True, 'lr': 0.0001, 'epochs': 50}. 
[I 2023-12-27 20:00:40,456] Trial 134 finished with values: [38527.4179921875, 41739.60894097222] and parameters: {'batch_size': 100, 'drug_hidden': 32, 'protein_hidden': 64, 'dropout': 0.1, 'is_attention': False, 'lr': 0.001, 'epochs': 100}. 
[I 2023-12-27 20:24:26,983] Trial 135 finished with values: [37825.384109375, 40734.49580490757] and parameters: {'batch_size': 50, 'drug_hidden': 32, 'protein_hidden': 16, 'dropout': 0.2, 'is_attention': False, 'lr': 0.01, 'epochs': 100}. 
[I 2023-12-27 20:53:34,950] Trial 136 finished with values: [41496.27805078125, 45423.67612511003] and parameters: {'batch_size': 50, 'drug_hidden': 32, 'protein_hidden': 64, 'dropout': 0.2, 'is_attention': False, 'lr': 0.01, 'epochs': 100}. 
[I 2023-12-27 20:56:58,460] Trial 137 finished with values: [43319.298559131734, 47527.549479166664] and parameters: {'batch_size': 150, 'drug_hidden': 64, 'protein_hidden': 64, 'dropout': 0.3, 'is_attention': False, 'lr': 0.001, 'epochs': 10}. 
[I 2023-12-27 21:08:12,323] Trial 138 finished with values: [37019.22675, 39899.48898654514] and parameters: {'batch_size': 100, 'drug_hidden': 16, 'protein_hidden': 16, 'dropout': 0.3, 'is_attention': True, 'lr': 0.01, 'epochs': 50}. 
[I 2023-12-27 21:37:15,608] Trial 139 finished with values: [38405.1645703125, 41283.71886003521] and parameters: {'batch_size': 50, 'drug_hidden': 64, 'protein_hidden': 64, 'dropout': 0.1, 'is_attention': False, 'lr': 0.001, 'epochs': 100}. 
[I 2023-12-27 22:06:33,991] Trial 140 finished with values: [39843.83806835937, 43224.321027728874] and parameters: {'batch_size': 50, 'drug_hidden': 16, 'protein_hidden': 64, 'dropout': 0.1, 'is_attention': True, 'lr': 0.01, 'epochs': 100}. 
[I 2023-12-27 22:37:39,709] Trial 141 finished with values: [36860.46266841317, 40222.810302734375] and parameters: {'batch_size': 150, 'drug_hidden': 16, 'protein_hidden': 64, 'dropout': 0.1, 'is_attention': True, 'lr': 0.01, 'epochs': 100}. 
[I 2023-12-27 22:54:04,562] Trial 142 finished with values: [37508.703359375, 40588.51128472222] and parameters: {'batch_size': 100, 'drug_hidden': 16, 'protein_hidden': 64, 'dropout': 0.1, 'is_attention': True, 'lr': 0.001, 'epochs': 50}. 
[I 2023-12-27 23:15:56,101] Trial 143 finished with values: [38243.1633515625, 41487.558919270836] and parameters: {'batch_size': 100, 'drug_hidden': 64, 'protein_hidden': 16, 'dropout': 0.3, 'is_attention': True, 'lr': 0.01, 'epochs': 100}. 
[I 2023-12-27 23:37:40,141] Trial 144 finished with values: [38400.361328125, 41810.832139756945] and parameters: {'batch_size': 100, 'drug_hidden': 32, 'protein_hidden': 16, 'dropout': 0.1, 'is_attention': True, 'lr': 0.001, 'epochs': 100}. 
[I 2023-12-27 23:59:15,035] Trial 145 finished with values: [42049.945815400446, 46377.121256510414] and parameters: {'batch_size': 150, 'drug_hidden': 16, 'protein_hidden': 16, 'dropout': 0.2, 'is_attention': False, 'lr': 0.01, 'epochs': 100}. 
[I 2023-12-28 00:21:01,483] Trial 146 finished with values: [37056.026140625, 40093.91872829861] and parameters: {'batch_size': 100, 'drug_hidden': 16, 'protein_hidden': 16, 'dropout': 0.2, 'is_attention': True, 'lr': 0.01, 'epochs': 100}. 
[I 2023-12-28 00:32:53,928] Trial 147 finished with values: [38826.04528710937, 42116.38348646567] and parameters: {'batch_size': 50, 'drug_hidden': 16, 'protein_hidden': 16, 'dropout': 0.2, 'is_attention': True, 'lr': 0.01, 'epochs': 50}. 
[I 2023-12-28 00:35:21,433] Trial 148 finished with values: [38047.6136015625, 41320.144368489586] and parameters: {'batch_size': 100, 'drug_hidden': 32, 'protein_hidden': 16, 'dropout': 0.2, 'is_attention': False, 'lr': 0.001, 'epochs': 10}. 
[I 2023-12-28 00:48:47,165] Trial 149 finished with values: [38018.8955625, 41377.40407986111] and parameters: {'batch_size': 100, 'drug_hidden': 64, 'protein_hidden': 64, 'dropout': 0.2, 'is_attention': False, 'lr': 0.01, 'epochs': 50}. 
[I 2023-12-28 01:16:55,107] Trial 150 finished with values: [39774.448484375, 43522.96137152778] and parameters: {'batch_size': 100, 'drug_hidden': 32, 'protein_hidden': 64, 'dropout': 0.2, 'is_attention': False, 'lr': 0.001, 'epochs': 100}. 
[I 2023-12-28 01:29:38,481] Trial 151 finished with values: [37840.182609375, 41195.960015955105] and parameters: {'batch_size': 50, 'drug_hidden': 64, 'protein_hidden': 32, 'dropout': 0.3, 'is_attention': False, 'lr': 0.001, 'epochs': 50}. 
[I 2023-12-28 01:45:35,116] Trial 152 finished with values: [37817.47468359375, 40862.65744357639] and parameters: {'batch_size': 100, 'drug_hidden': 16, 'protein_hidden': 32, 'dropout': 0.3, 'is_attention': True, 'lr': 0.01, 'epochs': 50}. 
[I 2023-12-28 02:13:57,937] Trial 153 finished with values: [42403.7854453125, 46386.11314370599] and parameters: {'batch_size': 50, 'drug_hidden': 32, 'protein_hidden': 64, 'dropout': 0.2, 'is_attention': False, 'lr': 0.01, 'epochs': 100}. 
[I 2023-12-28 02:24:40,756] Trial 154 finished with values: [37334.173348615266, 40281.25382486979] and parameters: {'batch_size': 150, 'drug_hidden': 16, 'protein_hidden': 16, 'dropout': 0.2, 'is_attention': False, 'lr': 0.01, 'epochs': 50}. 
[I 2023-12-28 02:54:30,987] Trial 155 finished with values: [38524.5313046875, 41606.73716714349] and parameters: {'batch_size': 50, 'drug_hidden': 32, 'protein_hidden': 64, 'dropout': 0.1, 'is_attention': False, 'lr': 0.01, 'epochs': 100}. 
[I 2023-12-28 03:20:00,932] Trial 156 finished with values: [37612.321890625, 40787.52077907986] and parameters: {'batch_size': 100, 'drug_hidden': 16, 'protein_hidden': 16, 'dropout': 0.2, 'is_attention': True, 'lr': 0.0001, 'epochs': 100}. 
[I 2023-12-28 03:41:41,358] Trial 157 finished with values: [37871.4373046875, 39931.62353515625] and parameters: {'batch_size': 100, 'drug_hidden': 16, 'protein_hidden': 16, 'dropout': 0.2, 'is_attention': False, 'lr': 0.01, 'epochs': 100}. 
[I 2023-12-28 04:04:13,233] Trial 158 finished with values: [38734.7432421875, 42429.98562282986] and parameters: {'batch_size': 100, 'drug_hidden': 32, 'protein_hidden': 16, 'dropout': 0.2, 'is_attention': True, 'lr': 0.001, 'epochs': 100}. 
[I 2023-12-28 04:29:50,368] Trial 159 finished with values: [36924.34085546875, 40208.14564535651] and parameters: {'batch_size': 50, 'drug_hidden': 32, 'protein_hidden': 32, 'dropout': 0.2, 'is_attention': False, 'lr': 0.001, 'epochs': 100}. 
[I 2023-12-28 04:55:30,658] Trial 160 finished with values: [36714.536676646705, 39929.95556640625] and parameters: {'batch_size': 150, 'drug_hidden': 64, 'protein_hidden': 32, 'dropout': 0.2, 'is_attention': False, 'lr': 0.01, 'epochs': 100}. 
[I 2023-12-28 05:16:37,486] Trial 161 finished with values: [38991.103106287424, 42866.4521484375] and parameters: {'batch_size': 150, 'drug_hidden': 64, 'protein_hidden': 16, 'dropout': 0.2, 'is_attention': True, 'lr': 0.001, 'epochs': 100}. 
[I 2023-12-28 05:19:36,319] Trial 162 finished with values: [38544.590015625, 41873.169325086805] and parameters: {'batch_size': 100, 'drug_hidden': 64, 'protein_hidden': 64, 'dropout': 0.2, 'is_attention': False, 'lr': 0.01, 'epochs': 10}. 
[I 2023-12-28 05:40:39,176] Trial 163 finished with values: [41800.846112462576, 46041.77726236979] and parameters: {'batch_size': 150, 'drug_hidden': 16, 'protein_hidden': 16, 'dropout': 0.2, 'is_attention': False, 'lr': 0.01, 'epochs': 100}. 
[I 2023-12-28 06:06:04,245] Trial 164 finished with values: [39892.0848671875, 43909.99636501736] and parameters: {'batch_size': 100, 'drug_hidden': 32, 'protein_hidden': 32, 'dropout': 0.2, 'is_attention': False, 'lr': 0.01, 'epochs': 100}. 
[I 2023-12-28 06:17:39,036] Trial 165 finished with values: [38782.9361784244, 41503.47412109375] and parameters: {'batch_size': 150, 'drug_hidden': 64, 'protein_hidden': 32, 'dropout': 0.1, 'is_attention': True, 'lr': 0.001, 'epochs': 50}. 
[I 2023-12-28 06:41:00,483] Trial 166 finished with values: [39759.2470859375, 43222.16427951389] and parameters: {'batch_size': 100, 'drug_hidden': 32, 'protein_hidden': 32, 'dropout': 0.2, 'is_attention': True, 'lr': 0.01, 'epochs': 100}. 
[I 2023-12-28 06:55:09,508] Trial 167 finished with values: [38550.731907279194, 41388.414794921875] and parameters: {'batch_size': 150, 'drug_hidden': 16, 'protein_hidden': 64, 'dropout': 0.2, 'is_attention': False, 'lr': 0.01, 'epochs': 50}. 
[I 2023-12-28 07:10:17,413] Trial 168 finished with values: [38839.55949609375, 41755.89089626736] and parameters: {'batch_size': 100, 'drug_hidden': 16, 'protein_hidden': 32, 'dropout': 0.2, 'is_attention': True, 'lr': 0.01, 'epochs': 50}. 
[I 2023-12-28 07:27:02,320] Trial 169 finished with values: [37842.9950294723, 41325.045166015625] and parameters: {'batch_size': 150, 'drug_hidden': 64, 'protein_hidden': 64, 'dropout': 0.2, 'is_attention': False, 'lr': 0.01, 'epochs': 50}. 
[I 2023-12-28 07:50:35,463] Trial 170 finished with values: [37912.84265625, 41242.878255208336] and parameters: {'batch_size': 100, 'drug_hidden': 32, 'protein_hidden': 32, 'dropout': 0.1, 'is_attention': True, 'lr': 0.001, 'epochs': 100}. 
[I 2023-12-28 08:12:18,174] Trial 171 finished with values: [37203.4717734375, 40452.006998697914] and parameters: {'batch_size': 100, 'drug_hidden': 32, 'protein_hidden': 16, 'dropout': 0.1, 'is_attention': True, 'lr': 0.01, 'epochs': 100}. 
[I 2023-12-28 08:23:20,125] Trial 172 finished with values: [37523.4680390625, 40755.81684027778] and parameters: {'batch_size': 100, 'drug_hidden': 64, 'protein_hidden': 16, 'dropout': 0.3, 'is_attention': True, 'lr': 0.01, 'epochs': 50}. 
[I 2023-12-28 08:47:11,903] Trial 173 finished with values: [36846.15590625, 39739.32883029514] and parameters: {'batch_size': 100, 'drug_hidden': 64, 'protein_hidden': 16, 'dropout': 0.2, 'is_attention': False, 'lr': 0.0001, 'epochs': 100}. 
[I 2023-12-28 08:50:08,928] Trial 174 finished with values: [39405.9608828125, 42407.93212890625] and parameters: {'batch_size': 100, 'drug_hidden': 64, 'protein_hidden': 64, 'dropout': 0.1, 'is_attention': True, 'lr': 0.01, 'epochs': 10}. 
[I 2023-12-28 09:01:08,327] Trial 175 finished with values: [38685.4293203125, 41999.17719184028] and parameters: {'batch_size': 100, 'drug_hidden': 16, 'protein_hidden': 16, 'dropout': 0.3, 'is_attention': True, 'lr': 0.01, 'epochs': 50}. 
[I 2023-12-28 09:11:51,036] Trial 176 finished with values: [37656.58460422904, 40827.66316731771] and parameters: {'batch_size': 150, 'drug_hidden': 32, 'protein_hidden': 16, 'dropout': 0.1, 'is_attention': False, 'lr': 0.001, 'epochs': 50}. 
[I 2023-12-28 09:37:59,430] Trial 177 finished with values: [37188.46552208084, 40684.656005859375] and parameters: {'batch_size': 150, 'drug_hidden': 16, 'protein_hidden': 64, 'dropout': 0.2, 'is_attention': False, 'lr': 0.01, 'epochs': 100}. 
[I 2023-12-28 10:07:00,666] Trial 178 finished with values: [37291.25401150823, 40294.700927734375] and parameters: {'batch_size': 150, 'drug_hidden': 64, 'protein_hidden': 64, 'dropout': 0.1, 'is_attention': True, 'lr': 0.001, 'epochs': 100}. 
[I 2023-12-28 10:35:13,880] Trial 179 finished with values: [37349.508514221554, 40563.414794921875] and parameters: {'batch_size': 150, 'drug_hidden': 32, 'protein_hidden': 32, 'dropout': 0.1, 'is_attention': False, 'lr': 0.01, 'epochs': 100}. 
[I 2023-12-28 11:03:19,722] Trial 180 finished with values: [38510.03299260853, 42181.105712890625] and parameters: {'batch_size': 150, 'drug_hidden': 16, 'protein_hidden': 64, 'dropout': 0.1, 'is_attention': True, 'lr': 0.001, 'epochs': 100}. 
[I 2023-12-28 11:26:17,284] Trial 181 finished with values: [36901.48403583458, 40152.466552734375] and parameters: {'batch_size': 150, 'drug_hidden': 16, 'protein_hidden': 32, 'dropout': 0.2, 'is_attention': False, 'lr': 0.0001, 'epochs': 100}. 
[I 2023-12-28 11:38:12,858] Trial 182 finished with values: [38579.4590428518, 41981.10831705729] and parameters: {'batch_size': 150, 'drug_hidden': 64, 'protein_hidden': 32, 'dropout': 0.3, 'is_attention': True, 'lr': 0.01, 'epochs': 50}. 
[I 2023-12-28 11:49:22,300] Trial 183 finished with values: [37637.8453203125, 40576.406629774305] and parameters: {'batch_size': 100, 'drug_hidden': 16, 'protein_hidden': 16, 'dropout': 0.2, 'is_attention': True, 'lr': 0.01, 'epochs': 50}. 
[I 2023-12-28 12:10:31,060] Trial 184 finished with values: [37426.65368871632, 40698.163736979164] and parameters: {'batch_size': 150, 'drug_hidden': 16, 'protein_hidden': 16, 'dropout': 0.2, 'is_attention': True, 'lr': 0.01, 'epochs': 100}. 
[I 2023-12-28 12:33:14,267] Trial 185 finished with values: [37020.28239614521, 40028.765787760414] and parameters: {'batch_size': 150, 'drug_hidden': 32, 'protein_hidden': 32, 'dropout': 0.2, 'is_attention': False, 'lr': 0.01, 'epochs': 100}. 
[I 2023-12-28 13:00:22,768] Trial 186 finished with values: [37245.93449609375, 40406.96847873264] and parameters: {'batch_size': 100, 'drug_hidden': 32, 'protein_hidden': 64, 'dropout': 0.2, 'is_attention': False, 'lr': 0.001, 'epochs': 100}. 
[I 2023-12-28 13:14:42,665] Trial 187 finished with values: [40590.48159375, 43058.95822482639] and parameters: {'batch_size': 100, 'drug_hidden': 16, 'protein_hidden': 16, 'dropout': 0.1, 'is_attention': False, 'lr': 0.001, 'epochs': 50}. 
[I 2023-12-28 13:41:27,105] Trial 188 finished with values: [37982.292515625, 40866.58273654514] and parameters: {'batch_size': 100, 'drug_hidden': 16, 'protein_hidden': 64, 'dropout': 0.2, 'is_attention': True, 'lr': 0.01, 'epochs': 100}. 
[I 2023-12-28 14:05:57,530] Trial 189 finished with values: [38315.949513671876, 41731.26605138645] and parameters: {'batch_size': 50, 'drug_hidden': 32, 'protein_hidden': 16, 'dropout': 0.2, 'is_attention': False, 'lr': 0.01, 'epochs': 100}. 
[I 2023-12-28 14:29:53,005] Trial 190 finished with values: [41434.2561015625, 43688.539659288195] and parameters: {'batch_size': 100, 'drug_hidden': 64, 'protein_hidden': 32, 'dropout': 0.3, 'is_attention': False, 'lr': 0.001, 'epochs': 100}. 
[I 2023-12-28 14:53:06,167] Trial 191 finished with values: [37419.294208458086, 40700.1640625] and parameters: {'batch_size': 150, 'drug_hidden': 32, 'protein_hidden': 16, 'dropout': 0.1, 'is_attention': False, 'lr': 0.01, 'epochs': 100}. 
[I 2023-12-28 14:58:45,587] Trial 192 finished with values: [37857.262970153446, 41105.74959309896] and parameters: {'batch_size': 150, 'drug_hidden': 32, 'protein_hidden': 32, 'dropout': 0.1, 'is_attention': False, 'lr': 0.001, 'epochs': 10}. 
[I 2023-12-28 15:09:41,507] Trial 193 finished with values: [38166.97193359375, 41657.61355251736] and parameters: {'batch_size': 100, 'drug_hidden': 16, 'protein_hidden': 16, 'dropout': 0.2, 'is_attention': False, 'lr': 0.01, 'epochs': 50}. 
[I 2023-12-28 15:35:58,528] Trial 194 finished with values: [37159.45520677395, 40176.917643229164] and parameters: {'batch_size': 150, 'drug_hidden': 32, 'protein_hidden': 64, 'dropout': 0.2, 'is_attention': True, 'lr': 0.01, 'epochs': 100}. 
[I 2023-12-28 15:57:08,729] Trial 195 finished with values: [37315.1234211265, 40521.314453125] and parameters: {'batch_size': 150, 'drug_hidden': 64, 'protein_hidden': 16, 'dropout': 0.2, 'is_attention': True, 'lr': 0.01, 'epochs': 100}. 
[I 2023-12-28 16:32:01,623] Trial 196 finished with values: [43737.16036425781, 48286.119965889084] and parameters: {'batch_size': 50, 'drug_hidden': 32, 'protein_hidden': 64, 'dropout': 0.1, 'is_attention': False, 'lr': 0.0001, 'epochs': 100}. 
[I 2023-12-28 16:53:48,388] Trial 197 finished with values: [37290.3113515625, 40389.82866753472] and parameters: {'batch_size': 100, 'drug_hidden': 32, 'protein_hidden': 16, 'dropout': 0.2, 'is_attention': False, 'lr': 0.001, 'epochs': 100}. 
[I 2023-12-28 17:07:02,271] Trial 198 finished with values: [37746.83756315494, 41423.055338541664] and parameters: {'batch_size': 150, 'drug_hidden': 32, 'protein_hidden': 16, 'dropout': 0.1, 'is_attention': True, 'lr': 0.01, 'epochs': 50}. 
[I 2023-12-28 17:17:50,167] Trial 199 finished with values: [37492.022174401194, 40659.52579752604] and parameters: {'batch_size': 150, 'drug_hidden': 64, 'protein_hidden': 16, 'dropout': 0.2, 'is_attention': True, 'lr': 0.01, 'epochs': 50}. 
[I 2023-12-28 17:41:11,212] Trial 200 finished with values: [39849.7096796875, 42546.25146484375] and parameters: {'batch_size': 100, 'drug_hidden': 32, 'protein_hidden': 16, 'dropout': 0.1, 'is_attention': True, 'lr': 0.01, 'epochs': 100}. 
[I 2023-12-28 18:10:03,475] Trial 201 finished with values: [36969.306171875, 39660.741861979164] and parameters: {'batch_size': 100, 'drug_hidden': 16, 'protein_hidden': 16, 'dropout': 0.1, 'is_attention': True, 'lr': 0.0001, 'epochs': 50}. 
[I 2023-12-28 18:23:22,269] Trial 202 finished with values: [39104.0321796875, 42147.89447699653] and parameters: {'batch_size': 100, 'drug_hidden': 16, 'protein_hidden': 16, 'dropout': 0.3, 'is_attention': True, 'lr': 0.01, 'epochs': 10}. 
[I 2023-12-28 18:34:10,805] Trial 203 finished with values: [38936.014104603295, 41953.17976888021] and parameters: {'batch_size': 150, 'drug_hidden': 64, 'protein_hidden': 16, 'dropout': 0.2, 'is_attention': False, 'lr': 0.0001, 'epochs': 50}. 
[I 2023-12-28 18:57:20,598] Trial 204 finished with values: [37514.25074850299, 41441.7685546875] and parameters: {'batch_size': 150, 'drug_hidden': 16, 'protein_hidden': 32, 'dropout': 0.2, 'is_attention': False, 'lr': 0.01, 'epochs': 100}. 
[I 2023-12-28 19:27:55,062] Trial 205 finished with values: [38277.454984375, 41951.54710882482] and parameters: {'batch_size': 50, 'drug_hidden': 32, 'protein_hidden': 32, 'dropout': 0.2, 'is_attention': False, 'lr': 0.001, 'epochs': 100}. 
[I 2023-12-28 19:47:13,354] Trial 206 finished with values: [36995.5439745509, 40283.28816731771] and parameters: {'batch_size': 150, 'drug_hidden': 64, 'protein_hidden': 32, 'dropout': 0.2, 'is_attention': True, 'lr': 0.01, 'epochs': 50}. 
[I 2023-12-28 20:10:24,754] Trial 207 finished with values: [37958.98846837575, 41550.550048828125] and parameters: {'batch_size': 150, 'drug_hidden': 32, 'protein_hidden': 32, 'dropout': 0.2, 'is_attention': False, 'lr': 0.01, 'epochs': 100}. 
[I 2023-12-28 20:31:44,403] Trial 208 finished with values: [37783.663477732036, 41422.452473958336] and parameters: {'batch_size': 150, 'drug_hidden': 32, 'protein_hidden': 16, 'dropout': 0.2, 'is_attention': True, 'lr': 0.01, 'epochs': 100}. 
[I 2023-12-28 20:56:47,863] Trial 209 finished with values: [36651.76716601563, 40129.72998734595] and parameters: {'batch_size': 50, 'drug_hidden': 32, 'protein_hidden': 32, 'dropout': 0.2, 'is_attention': False, 'lr': 0.001, 'epochs': 100}. 
[I 2023-12-28 21:10:20,398] Trial 210 finished with values: [37945.3501171875, 41431.43777126736] and parameters: {'batch_size': 100, 'drug_hidden': 16, 'protein_hidden': 64, 'dropout': 0.1, 'is_attention': True, 'lr': 0.001, 'epochs': 50}. 
[I 2023-12-28 21:31:58,593] Trial 211 finished with values: [38009.484609375, 41295.016710069445] and parameters: {'batch_size': 100, 'drug_hidden': 32, 'protein_hidden': 16, 'dropout': 0.2, 'is_attention': False, 'lr': 0.001, 'epochs': 100}. 
[I 2023-12-28 21:58:10,991] Trial 212 finished with values: [37494.774817552396, 40990.974365234375] and parameters: {'batch_size': 150, 'drug_hidden': 16, 'protein_hidden': 64, 'dropout': 0.1, 'is_attention': False, 'lr': 0.01, 'epochs': 100}. 
[I 2023-12-28 22:09:17,794] Trial 213 finished with values: [38459.2904375, 41312.629774305555] and parameters: {'batch_size': 100, 'drug_hidden': 16, 'protein_hidden': 16, 'dropout': 0.3, 'is_attention': True, 'lr': 0.01, 'epochs': 50}. 
[I 2023-12-28 22:33:06,597] Trial 214 finished with values: [36776.42259765625, 39726.830674913195] and parameters: {'batch_size': 100, 'drug_hidden': 64, 'protein_hidden': 16, 'dropout': 0.2, 'is_attention': False, 'lr': 0.001, 'epochs': 100}. 
[I 2023-12-28 23:00:43,855] Trial 215 finished with values: [37575.396953125, 41069.6015625] and parameters: {'batch_size': 100, 'drug_hidden': 32, 'protein_hidden': 16, 'dropout': 0.3, 'is_attention': True, 'lr': 0.01, 'epochs': 100}. 
[I 2023-12-28 23:18:53,132] Trial 216 finished with values: [37629.27720340569, 40653.156575520836] and parameters: {'batch_size': 150, 'drug_hidden': 16, 'protein_hidden': 16, 'dropout': 0.1, 'is_attention': True, 'lr': 0.001, 'epochs': 50}. 
[I 2023-12-28 23:41:30,916] Trial 217 finished with values: [37367.39090625, 40300.76508246528] and parameters: {'batch_size': 100, 'drug_hidden': 32, 'protein_hidden': 16, 'dropout': 0.1, 'is_attention': False, 'lr': 0.001, 'epochs': 100}. 
[I 2023-12-28 23:53:10,989] Trial 218 finished with values: [37576.01155501497, 41224.145263671875] and parameters: {'batch_size': 150, 'drug_hidden': 64, 'protein_hidden': 32, 'dropout': 0.2, 'is_attention': True, 'lr': 0.01, 'epochs': 50}. 
[I 2023-12-29 00:14:27,510] Trial 219 finished with values: [39024.60620555763, 42774.880859375] and parameters: {'batch_size': 150, 'drug_hidden': 16, 'protein_hidden': 16, 'dropout': 0.1, 'is_attention': True, 'lr': 0.01, 'epochs': 100}. 
[I 2023-12-29 00:25:27,945] Trial 220 finished with values: [38279.4729765625, 42007.413194444445] and parameters: {'batch_size': 100, 'drug_hidden': 64, 'protein_hidden': 16, 'dropout': 0.1, 'is_attention': True, 'lr': 0.001, 'epochs': 50}. 
[I 2023-12-29 00:47:05,932] Trial 221 finished with values: [36976.6025703125, 40135.940538194445] and parameters: {'batch_size': 100, 'drug_hidden': 16, 'protein_hidden': 16, 'dropout': 0.2, 'is_attention': False, 'lr': 0.01, 'epochs': 100}. 
[I 2023-12-29 01:13:45,959] Trial 222 finished with values: [37783.4860234375, 41948.35932074653] and parameters: {'batch_size': 100, 'drug_hidden': 64, 'protein_hidden': 64, 'dropout': 0.2, 'is_attention': False, 'lr': 0.01, 'epochs': 100}. 
[I 2023-12-29 01:35:22,382] Trial 223 finished with values: [37066.70889453125, 40402.79470486111] and parameters: {'batch_size': 100, 'drug_hidden': 32, 'protein_hidden': 16, 'dropout': 0.2, 'is_attention': False, 'lr': 0.0001, 'epochs': 100}. 
[I 2023-12-29 01:46:19,690] Trial 224 finished with values: [38303.2839296875, 41431.714680989586] and parameters: {'batch_size': 100, 'drug_hidden': 32, 'protein_hidden': 16, 'dropout': 0.1, 'is_attention': False, 'lr': 0.01, 'epochs': 50}. 
[I 2023-12-29 02:14:42,434] Trial 225 finished with values: [36999.768993263475, 40372.952311197914] and parameters: {'batch_size': 150, 'drug_hidden': 32, 'protein_hidden': 32, 'dropout': 0.2, 'is_attention': False, 'lr': 0.01, 'epochs': 100}. 
[I 2023-12-29 02:43:07,865] Trial 226 finished with values: [37480.35802734375, 41057.66134982639] and parameters: {'batch_size': 100, 'drug_hidden': 64, 'protein_hidden': 64, 'dropout': 0.2, 'is_attention': False, 'lr': 0.0001, 'epochs': 100}. 
[I 2023-12-29 03:06:02,181] Trial 227 finished with values: [37469.14668319611, 40881.988444010414] and parameters: {'batch_size': 150, 'drug_hidden': 64, 'protein_hidden': 32, 'dropout': 0.2, 'is_attention': True, 'lr': 0.01, 'epochs': 100}. 
[I 2023-12-29 03:08:29,373] Trial 228 finished with values: [38954.1526015625, 41909.861219618055] and parameters: {'batch_size': 100, 'drug_hidden': 32, 'protein_hidden': 16, 'dropout': 0.1, 'is_attention': False, 'lr': 0.0001, 'epochs': 10}. 
[I 2023-12-29 03:34:42,115] Trial 229 finished with values: [36842.91143104416, 40417.825032552086] and parameters: {'batch_size': 150, 'drug_hidden': 64, 'protein_hidden': 64, 'dropout': 0.2, 'is_attention': False, 'lr': 0.01, 'epochs': 100}. 
[I 2023-12-29 04:01:16,857] Trial 230 finished with values: [36918.57534150449, 40406.425130208336] and parameters: {'batch_size': 150, 'drug_hidden': 16, 'protein_hidden': 64, 'dropout': 0.2, 'is_attention': True, 'lr': 0.01, 'epochs': 100}. 
[I 2023-12-29 04:30:11,173] Trial 231 finished with values: [37478.24619900823, 40953.880208333336] and parameters: {'batch_size': 150, 'drug_hidden': 32, 'protein_hidden': 32, 'dropout': 0.2, 'is_attention': True, 'lr': 0.01, 'epochs': 100}. 
[I 2023-12-29 04:32:56,277] Trial 232 finished with values: [38033.561, 41772.025716145836] and parameters: {'batch_size': 100, 'drug_hidden': 64, 'protein_hidden': 32, 'dropout': 0.2, 'is_attention': True, 'lr': 0.01, 'epochs': 10}. 
[I 2023-12-29 04:54:24,873] Trial 233 finished with values: [37232.75371912425, 40259.39501953125] and parameters: {'batch_size': 150, 'drug_hidden': 64, 'protein_hidden': 16, 'dropout': 0.1, 'is_attention': False, 'lr': 0.01, 'epochs': 100}. 
[I 2023-12-29 05:15:55,953] Trial 234 finished with values: [37249.57311938623, 40302.862467447914] and parameters: {'batch_size': 150, 'drug_hidden': 64, 'protein_hidden': 16, 'dropout': 0.1, 'is_attention': False, 'lr': 0.01, 'epochs': 100}. 
[I 2023-12-29 05:19:01,852] Trial 235 finished with values: [37748.63865625, 41717.976888020836] and parameters: {'batch_size': 100, 'drug_hidden': 32, 'protein_hidden': 16, 'dropout': 0.2, 'is_attention': False, 'lr': 0.01, 'epochs': 10}. 
[I 2023-12-29 05:45:17,581] Trial 236 finished with values: [37372.84004257111, 40837.518798828125] and parameters: {'batch_size': 150, 'drug_hidden': 64, 'protein_hidden': 64, 'dropout': 0.3, 'is_attention': False, 'lr': 0.01, 'epochs': 100}. 
[I 2023-12-29 06:14:04,589] Trial 237 finished with values: [38840.7820390625, 42154.15008802817] and parameters: {'batch_size': 50, 'drug_hidden': 64, 'protein_hidden': 64, 'dropout': 0.1, 'is_attention': False, 'lr': 0.01, 'epochs': 100}. 
[I 2023-12-29 06:36:55,883] Trial 238 finished with values: [37355.13736199476, 40684.977783203125] and parameters: {'batch_size': 150, 'drug_hidden': 64, 'protein_hidden': 32, 'dropout': 0.3, 'is_attention': False, 'lr': 0.001, 'epochs': 100}. 
[I 2023-12-29 06:48:00,880] Trial 239 finished with values: [37532.244171875, 41295.241319444445] and parameters: {'batch_size': 100, 'drug_hidden': 32, 'protein_hidden': 16, 'dropout': 0.1, 'is_attention': True, 'lr': 0.001, 'epochs': 50}. 
[I 2023-12-29 07:16:58,097] Trial 240 finished with values: [38574.16831961078, 42010.17488606771] and parameters: {'batch_size': 150, 'drug_hidden': 64, 'protein_hidden': 32, 'dropout': 0.2, 'is_attention': False, 'lr': 0.01, 'epochs': 100}. 
[I 2023-12-29 07:40:04,730] Trial 241 finished with values: [38358.45628125, 41766.058919270836] and parameters: {'batch_size': 100, 'drug_hidden': 64, 'protein_hidden': 16, 'dropout': 0.2, 'is_attention': False, 'lr': 0.001, 'epochs': 100}. 
[I 2023-12-29 08:10:18,012] Trial 242 finished with values: [39761.5006796875, 42512.51416015625] and parameters: {'batch_size': 100, 'drug_hidden': 16, 'protein_hidden': 64, 'dropout': 0.2, 'is_attention': True, 'lr': 0.01, 'epochs': 100}. 
[I 2023-12-29 08:31:40,490] Trial 243 finished with values: [37239.277846650446, 40349.619954427086] and parameters: {'batch_size': 150, 'drug_hidden': 64, 'protein_hidden': 16, 'dropout': 0.2, 'is_attention': False, 'lr': 0.01, 'epochs': 100}. 
[I 2023-12-29 08:53:40,930] Trial 244 finished with values: [39322.4258046875, 43167.090006510414] and parameters: {'batch_size': 100, 'drug_hidden': 16, 'protein_hidden': 16, 'dropout': 0.2, 'is_attention': True, 'lr': 0.01, 'epochs': 100}. 
[I 2023-12-29 09:15:27,007] Trial 245 finished with values: [38055.148765625, 41683.2158203125] and parameters: {'batch_size': 100, 'drug_hidden': 32, 'protein_hidden': 16, 'dropout': 0.2, 'is_attention': False, 'lr': 0.01, 'epochs': 100}. 
[I 2023-12-29 09:38:23,204] Trial 246 finished with values: [36594.39643759356, 39685.77978515625] and parameters: {'batch_size': 150, 'drug_hidden': 16, 'protein_hidden': 32, 'dropout': 0.2, 'is_attention': False, 'lr': 0.0001, 'epochs': 100}. 
[I 2023-12-29 10:01:57,928] Trial 247 finished with values: [37672.439296875, 40997.831922743055] and parameters: {'batch_size': 100, 'drug_hidden': 32, 'protein_hidden': 16, 'dropout': 0.1, 'is_attention': False, 'lr': 0.01, 'epochs': 100}. 
[I 2023-12-29 10:16:06,946] Trial 248 finished with values: [37922.1665390625, 40955.025227864586] and parameters: {'batch_size': 100, 'drug_hidden': 64, 'protein_hidden': 16, 'dropout': 0.2, 'is_attention': False, 'lr': 0.01, 'epochs': 50}. 
[I 2023-12-29 10:39:25,495] Trial 249 finished with values: [36853.283624157935, 40067.76220703125] and parameters: {'batch_size': 150, 'drug_hidden': 32, 'protein_hidden': 16, 'dropout': 0.1, 'is_attention': False, 'lr': 0.01, 'epochs': 100}. 
[I 2023-12-29 10:53:17,418] Trial 250 finished with values: [37381.032700224554, 40139.44287109375] and parameters: {'batch_size': 150, 'drug_hidden': 64, 'protein_hidden': 16, 'dropout': 0.2, 'is_attention': True, 'lr': 0.01, 'epochs': 50}. 
[I 2023-12-29 11:14:34,524] Trial 251 finished with values: [36911.62268431886, 40347.85310872396] and parameters: {'batch_size': 150, 'drug_hidden': 32, 'protein_hidden': 16, 'dropout': 0.1, 'is_attention': False, 'lr': 0.01, 'epochs': 100}. 
[I 2023-12-29 11:41:20,450] Trial 252 finished with values: [37716.1325625, 41300.58664279514] and parameters: {'batch_size': 100, 'drug_hidden': 32, 'protein_hidden': 64, 'dropout': 0.1, 'is_attention': True, 'lr': 0.0001, 'epochs': 100}. 
[I 2023-12-29 11:53:21,032] Trial 253 finished with values: [37449.8131015625, 40544.89643012153] and parameters: {'batch_size': 100, 'drug_hidden': 64, 'protein_hidden': 32, 'dropout': 0.2, 'is_attention': True, 'lr': 0.01, 'epochs': 50}. 
[I 2023-12-29 12:16:16,053] Trial 254 finished with values: [37423.9463183009, 40862.50398763021] and parameters: {'batch_size': 150, 'drug_hidden': 16, 'protein_hidden': 32, 'dropout': 0.1, 'is_attention': True, 'lr': 0.001, 'epochs': 100}. 
[I 2023-12-29 12:39:03,920] Trial 255 finished with values: [38175.03424401198, 41894.872721354164] and parameters: {'batch_size': 150, 'drug_hidden': 64, 'protein_hidden': 32, 'dropout': 0.2, 'is_attention': True, 'lr': 0.001, 'epochs': 100}. 
[I 2023-12-29 13:05:23,113] Trial 256 finished with values: [38848.4559375, 41769.256849691905] and parameters: {'batch_size': 50, 'drug_hidden': 64, 'protein_hidden': 32, 'dropout': 0.2, 'is_attention': False, 'lr': 0.0001, 'epochs': 100}. 
[I 2023-12-29 13:31:16,092] Trial 257 finished with values: [37527.953125, 40791.958116319445] and parameters: {'batch_size': 100, 'drug_hidden': 64, 'protein_hidden': 32, 'dropout': 0.2, 'is_attention': False, 'lr': 0.0001, 'epochs': 100}. 
[I 2023-12-29 13:55:26,796] Trial 258 finished with values: [38095.095734375, 41411.95920138889] and parameters: {'batch_size': 100, 'drug_hidden': 64, 'protein_hidden': 16, 'dropout': 0.2, 'is_attention': False, 'lr': 0.0001, 'epochs': 100}. 
[I 2023-12-29 14:22:02,580] Trial 259 finished with values: [38221.6708515625, 41265.101182725695] and parameters: {'batch_size': 100, 'drug_hidden': 32, 'protein_hidden': 64, 'dropout': 0.2, 'is_attention': False, 'lr': 0.001, 'epochs': 100}. 
[I 2023-12-29 14:43:48,371] Trial 260 finished with values: [37837.9199921875, 40996.317220052086] and parameters: {'batch_size': 100, 'drug_hidden': 16, 'protein_hidden': 16, 'dropout': 0.2, 'is_attention': True, 'lr': 0.01, 'epochs': 100}. 
[I 2023-12-29 15:13:40,251] Trial 261 finished with values: [37918.73206054688, 41254.448049625884] and parameters: {'batch_size': 50, 'drug_hidden': 32, 'protein_hidden': 64, 'dropout': 0.1, 'is_attention': False, 'lr': 0.01, 'epochs': 100}. 
[I 2023-12-29 15:38:58,627] Trial 262 finished with values: [37522.69470434132, 41000.643717447914] and parameters: {'batch_size': 150, 'drug_hidden': 64, 'protein_hidden': 16, 'dropout': 0.2, 'is_attention': False, 'lr': 0.001, 'epochs': 100}. 
[I 2023-12-29 16:02:29,131] Trial 263 finished with values: [36804.2813515625, 39842.517957899305] and parameters: {'batch_size': 100, 'drug_hidden': 32, 'protein_hidden': 32, 'dropout': 0.1, 'is_attention': True, 'lr': 0.01, 'epochs': 100}. 
[I 2023-12-29 16:24:19,896] Trial 264 finished with values: [38810.86993590943, 42184.88972981771] and parameters: {'batch_size': 150, 'drug_hidden': 64, 'protein_hidden': 16, 'dropout': 0.2, 'is_attention': False, 'lr': 0.01, 'epochs': 100}. 
[I 2023-12-29 16:48:21,750] Trial 265 finished with values: [37372.3904375, 40116.84640842014] and parameters: {'batch_size': 100, 'drug_hidden': 16, 'protein_hidden': 16, 'dropout': 0.3, 'is_attention': False, 'lr': 0.01, 'epochs': 100}. 
[I 2023-12-29 17:11:13,605] Trial 266 finished with values: [36864.344299681885, 40246.327392578125] and parameters: {'batch_size': 150, 'drug_hidden': 16, 'protein_hidden': 32, 'dropout': 0.2, 'is_attention': True, 'lr': 0.01, 'epochs': 100}. 
[I 2023-12-29 17:34:02,441] Trial 267 finished with values: [36857.1553026759, 40068.072916666664] and parameters: {'batch_size': 150, 'drug_hidden': 16, 'protein_hidden': 32, 'dropout': 0.2, 'is_attention': False, 'lr': 0.0001, 'epochs': 100}. 
[I 2023-12-29 17:45:35,055] Trial 268 finished with values: [37662.24595340569, 41023.082763671875] and parameters: {'batch_size': 150, 'drug_hidden': 32, 'protein_hidden': 32, 'dropout': 0.1, 'is_attention': False, 'lr': 0.0001, 'epochs': 50}. 
[I 2023-12-29 17:56:33,981] Trial 269 finished with values: [37427.3414375, 40445.43679470486] and parameters: {'batch_size': 100, 'drug_hidden': 32, 'protein_hidden': 16, 'dropout': 0.1, 'is_attention': False, 'lr': 0.0001, 'epochs': 50}. 
[I 2023-12-29 18:23:11,177] Trial 270 finished with values: [38577.20691429641, 42930.51798502604] and parameters: {'batch_size': 150, 'drug_hidden': 32, 'protein_hidden': 32, 'dropout': 0.2, 'is_attention': False, 'lr': 0.01, 'epochs': 100}. 
[I 2023-12-29 18:49:38,809] Trial 271 finished with values: [37616.365784056885, 41166.0625] and parameters: {'batch_size': 150, 'drug_hidden': 32, 'protein_hidden': 64, 'dropout': 0.2, 'is_attention': False, 'lr': 0.01, 'epochs': 100}. 
[I 2023-12-29 19:15:19,232] Trial 272 finished with values: [36511.1592421875, 39644.778428819445] and parameters: {'batch_size': 100, 'drug_hidden': 32, 'protein_hidden': 16, 'dropout': 0.2, 'is_attention': False, 'lr': 0.01, 'epochs': 100}. 
[I 2023-12-29 19:38:44,225] Trial 273 finished with values: [37452.9458984375, 40579.37619357639] and parameters: {'batch_size': 100, 'drug_hidden': 32, 'protein_hidden': 32, 'dropout': 0.1, 'is_attention': False, 'lr': 0.01, 'epochs': 100}. 
[I 2023-12-29 20:01:52,471] Trial 274 finished with values: [38138.01818628368, 41461.696044921875] and parameters: {'batch_size': 150, 'drug_hidden': 16, 'protein_hidden': 32, 'dropout': 0.2, 'is_attention': False, 'lr': 0.01, 'epochs': 100}. 
[I 2023-12-29 20:23:12,820] Trial 275 finished with values: [38374.88089446108, 41599.411865234375] and parameters: {'batch_size': 150, 'drug_hidden': 16, 'protein_hidden': 16, 'dropout': 0.2, 'is_attention': True, 'lr': 0.01, 'epochs': 100}. 
[I 2023-12-29 20:49:22,935] Trial 276 finished with values: [38013.54666448353, 40164.179850260414] and parameters: {'batch_size': 150, 'drug_hidden': 16, 'protein_hidden': 64, 'dropout': 0.2, 'is_attention': False, 'lr': 0.001, 'epochs': 100}. 
[I 2023-12-29 21:04:22,708] Trial 277 finished with values: [38062.7529004491, 41597.772623697914] and parameters: {'batch_size': 150, 'drug_hidden': 64, 'protein_hidden': 32, 'dropout': 0.2, 'is_attention': True, 'lr': 0.01, 'epochs': 50}. 
[I 2023-12-29 21:26:05,235] Trial 278 finished with values: [37881.46353125, 40911.586100260414] and parameters: {'batch_size': 100, 'drug_hidden': 64, 'protein_hidden': 16, 'dropout': 0.2, 'is_attention': False, 'lr': 0.001, 'epochs': 100}. 
[I 2023-12-29 21:52:13,327] Trial 279 finished with values: [39428.595972118266, 43224.18546549479] and parameters: {'batch_size': 150, 'drug_hidden': 16, 'protein_hidden': 64, 'dropout': 0.2, 'is_attention': False, 'lr': 0.01, 'epochs': 100}. 
[I 2023-12-29 22:19:30,400] Trial 280 finished with values: [37400.699815213324, 40634.7392578125] and parameters: {'batch_size': 150, 'drug_hidden': 16, 'protein_hidden': 32, 'dropout': 0.2, 'is_attention': True, 'lr': 0.01, 'epochs': 100}. 
[I 2023-12-29 22:45:27,779] Trial 281 finished with values: [37388.016104509734, 40663.78409830729] and parameters: {'batch_size': 150, 'drug_hidden': 16, 'protein_hidden': 16, 'dropout': 0.2, 'is_attention': False, 'lr': 0.001, 'epochs': 100}. 
[I 2023-12-29 22:48:22,249] Trial 282 finished with values: [38382.90265625, 42542.021647135414] and parameters: {'batch_size': 100, 'drug_hidden': 64, 'protein_hidden': 32, 'dropout': 0.2, 'is_attention': True, 'lr': 0.01, 'epochs': 10}. 
[I 2023-12-29 23:00:20,024] Trial 283 finished with values: [39190.41908203125, 42839.47092013889] and parameters: {'batch_size': 100, 'drug_hidden': 32, 'protein_hidden': 32, 'dropout': 0.2, 'is_attention': True, 'lr': 0.01, 'epochs': 50}. 
[I 2023-12-29 23:21:29,198] Trial 284 finished with values: [37584.28392823727, 40783.16495768229] and parameters: {'batch_size': 150, 'drug_hidden': 64, 'protein_hidden': 16, 'dropout': 0.2, 'is_attention': False, 'lr': 0.001, 'epochs': 100}. 
[I 2023-12-29 23:43:12,526] Trial 285 finished with values: [39017.20959375, 42472.533582899305] and parameters: {'batch_size': 100, 'drug_hidden': 16, 'protein_hidden': 16, 'dropout': 0.1, 'is_attention': False, 'lr': 0.01, 'epochs': 100}. 
[I 2023-12-29 23:57:46,888] Trial 286 finished with values: [37921.36428125, 41145.03244357639] and parameters: {'batch_size': 100, 'drug_hidden': 32, 'protein_hidden': 32, 'dropout': 0.1, 'is_attention': True, 'lr': 0.0001, 'epochs': 50}. 
[I 2023-12-30 00:19:34,041] Trial 287 finished with values: [38223.14659375, 41215.959852430555] and parameters: {'batch_size': 100, 'drug_hidden': 16, 'protein_hidden': 16, 'dropout': 0.2, 'is_attention': False, 'lr': 0.01, 'epochs': 100}. 
[I 2023-12-30 00:43:01,853] Trial 288 finished with values: [38001.31546875, 41073.238878038195] and parameters: {'batch_size': 100, 'drug_hidden': 16, 'protein_hidden': 32, 'dropout': 0.2, 'is_attention': False, 'lr': 0.0001, 'epochs': 100}. 
[I 2023-12-30 01:06:11,107] Trial 289 finished with values: [39256.84946903069, 42682.312174479164] and parameters: {'batch_size': 150, 'drug_hidden': 16, 'protein_hidden': 16, 'dropout': 0.2, 'is_attention': False, 'lr': 0.01, 'epochs': 100}. 
[I 2023-12-30 01:36:21,745] Trial 290 finished with values: [37997.986109375, 41241.02728949653] and parameters: {'batch_size': 100, 'drug_hidden': 64, 'protein_hidden': 64, 'dropout': 0.2, 'is_attention': False, 'lr': 0.001, 'epochs': 100}. 
[I 2023-12-30 01:57:32,320] Trial 291 finished with values: [37185.102275916914, 40678.69295247396] and parameters: {'batch_size': 150, 'drug_hidden': 16, 'protein_hidden': 16, 'dropout': 0.3, 'is_attention': False, 'lr': 0.01, 'epochs': 100}. 
[I 2023-12-30 02:21:19,612] Trial 292 finished with values: [36403.47011328125, 39351.43136935764] and parameters: {'batch_size': 100, 'drug_hidden': 16, 'protein_hidden': 32, 'dropout': 0.2, 'is_attention': False, 'lr': 0.001, 'epochs': 100}. 
[I 2023-12-30 02:48:20,097] Trial 293 finished with values: [37092.1122734375, 40098.00173611111] and parameters: {'batch_size': 100, 'drug_hidden': 32, 'protein_hidden': 32, 'dropout': 0.1, 'is_attention': False, 'lr': 0.01, 'epochs': 100}. 
[I 2023-12-30 03:12:05,017] Trial 294 finished with values: [38746.50457288548, 48259.944661458336] and parameters: {'batch_size': 150, 'drug_hidden': 32, 'protein_hidden': 16, 'dropout': 0.2, 'is_attention': True, 'lr': 0.01, 'epochs': 100}. 
[I 2023-12-30 03:34:27,526] Trial 295 finished with values: [36883.70373315868, 40209.8603515625] and parameters: {'batch_size': 150, 'drug_hidden': 32, 'protein_hidden': 16, 'dropout': 0.2, 'is_attention': False, 'lr': 0.01, 'epochs': 100}. 
[I 2023-12-30 03:57:44,646] Trial 296 finished with values: [37371.426319236525, 40540.64599609375] and parameters: {'batch_size': 150, 'drug_hidden': 64, 'protein_hidden': 32, 'dropout': 0.2, 'is_attention': False, 'lr': 0.01, 'epochs': 100}. 
[I 2023-12-30 04:24:23,557] Trial 297 finished with values: [38700.33977357784, 42260.16560872396] and parameters: {'batch_size': 150, 'drug_hidden': 16, 'protein_hidden': 16, 'dropout': 0.2, 'is_attention': False, 'lr': 0.0001, 'epochs': 100}. 
[I 2023-12-30 04:51:45,128] Trial 298 finished with values: [38820.0684140625, 42291.074617627644] and parameters: {'batch_size': 50, 'drug_hidden': 32, 'protein_hidden': 32, 'dropout': 0.2, 'is_attention': False, 'lr': 0.001, 'epochs': 100}. 
[I 2023-12-30 05:15:47,837] Trial 299 finished with values: [40141.26006640625, 43766.706591109156] and parameters: {'batch_size': 50, 'drug_hidden': 64, 'protein_hidden': 16, 'dropout': 0.1, 'is_attention': False, 'lr': 0.01, 'epochs': 100}. 
[I 2023-12-30 05:39:33,660] Trial 300 finished with values: [38343.4000234375, 41983.98777233715] and parameters: {'batch_size': 50, 'drug_hidden': 32, 'protein_hidden': 16, 'dropout': 0.1, 'is_attention': False, 'lr': 0.01, 'epochs': 100}. 
[I 2023-12-30 05:52:28,128] Trial 301 finished with values: [38445.54390820312, 42059.322526958626] and parameters: {'batch_size': 50, 'drug_hidden': 64, 'protein_hidden': 32, 'dropout': 0.2, 'is_attention': False, 'lr': 0.001, 'epochs': 50}. 
[I 2023-12-30 06:19:30,055] Trial 302 finished with values: [38734.68449429266, 44074.998779296875] and parameters: {'batch_size': 150, 'drug_hidden': 16, 'protein_hidden': 64, 'dropout': 0.1, 'is_attention': True, 'lr': 0.0001, 'epochs': 100}. 
[I 2023-12-30 06:40:44,369] Trial 303 finished with values: [37417.54668787425, 40442.003662109375] and parameters: {'batch_size': 150, 'drug_hidden': 64, 'protein_hidden': 16, 'dropout': 0.2, 'is_attention': False, 'lr': 0.01, 'epochs': 100}. 
[I 2023-12-30 07:07:37,431] Trial 304 finished with values: [37918.1840078125, 40977.746961805555] and parameters: {'batch_size': 100, 'drug_hidden': 32, 'protein_hidden': 16, 'dropout': 0.1, 'is_attention': False, 'lr': 0.0001, 'epochs': 100}. 
[I 2023-12-30 07:20:56,333] Trial 305 finished with values: [37510.1106953125, 40551.739149305555] and parameters: {'batch_size': 100, 'drug_hidden': 32, 'protein_hidden': 16, 'dropout': 0.2, 'is_attention': True, 'lr': 0.01, 'epochs': 50}. 
[I 2023-12-30 07:44:25,307] Trial 306 finished with values: [38104.0306171875, 41679.38943142361] and parameters: {'batch_size': 100, 'drug_hidden': 16, 'protein_hidden': 32, 'dropout': 0.2, 'is_attention': True, 'lr': 0.01, 'epochs': 100}. 
[I 2023-12-30 08:06:09,616] Trial 307 finished with values: [39322.37883984375, 43755.62185329861] and parameters: {'batch_size': 100, 'drug_hidden': 32, 'protein_hidden': 16, 'dropout': 0.2, 'is_attention': True, 'lr': 0.01, 'epochs': 100}. 
[I 2023-12-30 08:31:20,580] Trial 308 finished with values: [40167.61462890625, 44238.155122139084] and parameters: {'batch_size': 50, 'drug_hidden': 16, 'protein_hidden': 32, 'dropout': 0.2, 'is_attention': False, 'lr': 0.01, 'epochs': 100}. 
[I 2023-12-30 08:42:56,981] Trial 309 finished with values: [37764.192669348806, 40902.866943359375] and parameters: {'batch_size': 150, 'drug_hidden': 16, 'protein_hidden': 32, 'dropout': 0.2, 'is_attention': True, 'lr': 0.01, 'epochs': 50}. 
[I 2023-12-30 09:13:19,723] Trial 310 finished with values: [38346.20280273438, 41182.886526188384] and parameters: {'batch_size': 50, 'drug_hidden': 32, 'protein_hidden': 64, 'dropout': 0.1, 'is_attention': True, 'lr': 0.01, 'epochs': 100}. 
[I 2023-12-30 09:39:29,079] Trial 311 finished with values: [38553.131268712576, 42727.621907552086] and parameters: {'batch_size': 150, 'drug_hidden': 16, 'protein_hidden': 64, 'dropout': 0.3, 'is_attention': False, 'lr': 0.001, 'epochs': 100}. 
[I 2023-12-30 10:06:23,683] Trial 312 finished with values: [40466.8249921875, 44023.35015190972] and parameters: {'batch_size': 100, 'drug_hidden': 64, 'protein_hidden': 16, 'dropout': 0.2, 'is_attention': False, 'lr': 0.01, 'epochs': 100}. 
[I 2023-12-30 10:33:20,554] Trial 313 finished with values: [38649.14911523437, 42024.7402618838] and parameters: {'batch_size': 50, 'drug_hidden': 32, 'protein_hidden': 32, 'dropout': 0.2, 'is_attention': False, 'lr': 0.01, 'epochs': 100}. 
[I 2023-12-30 10:45:14,133] Trial 314 finished with values: [37991.5779765625, 41021.41802300347] and parameters: {'batch_size': 100, 'drug_hidden': 16, 'protein_hidden': 32, 'dropout': 0.2, 'is_attention': False, 'lr': 0.001, 'epochs': 50}. 
[I 2023-12-30 11:08:40,348] Trial 315 finished with values: [38007.89621875, 41169.190321180555] and parameters: {'batch_size': 100, 'drug_hidden': 32, 'protein_hidden': 32, 'dropout': 0.2, 'is_attention': False, 'lr': 0.01, 'epochs': 100}. 
[I 2023-12-30 11:30:32,026] Trial 316 finished with values: [39126.3571953125, 43024.831868489586] and parameters: {'batch_size': 100, 'drug_hidden': 16, 'protein_hidden': 16, 'dropout': 0.3, 'is_attention': True, 'lr': 0.01, 'epochs': 100}. 
[I 2023-12-30 11:57:54,450] Trial 317 finished with values: [38371.410682541165, 41500.52286783854] and parameters: {'batch_size': 150, 'drug_hidden': 16, 'protein_hidden': 64, 'dropout': 0.1, 'is_attention': False, 'lr': 0.01, 'epochs': 100}. 
[I 2023-12-30 12:21:53,922] Trial 318 finished with values: [38497.85999485404, 41825.443603515625] and parameters: {'batch_size': 150, 'drug_hidden': 64, 'protein_hidden': 16, 'dropout': 0.1, 'is_attention': False, 'lr': 0.001, 'epochs': 100}. 
[I 2023-12-30 12:48:31,332] Trial 319 finished with values: [39763.4026640625, 43260.90483940972] and parameters: {'batch_size': 100, 'drug_hidden': 16, 'protein_hidden': 16, 'dropout': 0.2, 'is_attention': False, 'lr': 0.01, 'epochs': 100}. 
[I 2023-12-30 13:13:20,423] Trial 320 finished with values: [37973.858135291914, 40615.96280924479] and parameters: {'batch_size': 150, 'drug_hidden': 32, 'protein_hidden': 32, 'dropout': 0.2, 'is_attention': False, 'lr': 0.01, 'epochs': 100}. 
[I 2023-12-30 13:25:09,024] Trial 321 finished with values: [37102.39363070734, 40155.435302734375] and parameters: {'batch_size': 150, 'drug_hidden': 16, 'protein_hidden': 32, 'dropout': 0.2, 'is_attention': False, 'lr': 0.001, 'epochs': 50}. 
[I 2023-12-30 13:38:05,651] Trial 322 finished with values: [41866.841515625, 44142.81300891285] and parameters: {'batch_size': 50, 'drug_hidden': 64, 'protein_hidden': 32, 'dropout': 0.3, 'is_attention': False, 'lr': 0.01, 'epochs': 50}. 
slurmstepd: error: *** JOB 78094464 ON aga28 CANCELLED AT 2023-12-30T14:01:24 DUE TO TIME LIMIT ***
